[1.693s] Invoking command in '/home/henri/project/ROS2-predator-prey/ros2_ws/build/launch_gazebo': PYTHONPATH=/home/henri/project/ROS2-predator-prey/ros2_ws/build/launch_gazebo/prefix_override:/home/henri/project/ROS2-predator-prey/ros2_ws/install/launch_gazebo/lib/python3.10/site-packages:${PYTHONPATH} /usr/bin/python3 setup.py develop --editable --build-directory /home/henri/project/ROS2-predator-prey/ros2_ws/build/launch_gazebo/build --no-deps install_data
[2.288s] running develop
[2.304s] /usr/lib/python3/dist-packages/setuptools/command/easy_install.py:158: EasyInstallDeprecationWarning: easy_install command is deprecated. Use build and pip and other standards-based tools.
[2.305s]   warnings.warn(
[2.307s] /usr/lib/python3/dist-packages/setuptools/command/install.py:34: SetuptoolsDeprecationWarning: setup.py install is deprecated. Use build and pip and other standards-based tools.
[2.307s]   warnings.warn(
[2.508s] /usr/lib/python3/dist-packages/pkg_resources/__init__.py:116: PkgResourcesDeprecationWarning: 1.16.0-unknown is an invalid version and will not be supported in a future release
[2.508s]   warnings.warn(
[2.508s] /usr/lib/python3/dist-packages/pkg_resources/__init__.py:116: PkgResourcesDeprecationWarning: 0.1.43ubuntu1 is an invalid version and will not be supported in a future release
[2.509s]   warnings.warn(
[2.510s] /usr/lib/python3/dist-packages/pkg_resources/__init__.py:116: PkgResourcesDeprecationWarning: 1.1build1 is an invalid version and will not be supported in a future release
[2.510s]   warnings.warn(
[2.777s] running egg_info
[2.777s] writing launch_gazebo.egg-info/PKG-INFO
[2.777s] writing dependency_links to launch_gazebo.egg-info/dependency_links.txt
[2.777s] writing entry points to launch_gazebo.egg-info/entry_points.txt
[2.777s] writing requirements to launch_gazebo.egg-info/requires.txt
[2.778s] writing top-level names to launch_gazebo.egg-info/top_level.txt
[2.780s] reading manifest file 'launch_gazebo.egg-info/SOURCES.txt'
[2.792s] writing manifest file 'launch_gazebo.egg-info/SOURCES.txt'
[2.797s] running build_ext
[2.797s] Creating /home/henri/project/ROS2-predator-prey/ros2_ws/install/launch_gazebo/lib/python3.10/site-packages/launch-gazebo.egg-link (link to .)
[2.798s] Installing spawn_robot script to /home/henri/project/ROS2-predator-prey/ros2_ws/install/launch_gazebo/lib/launch_gazebo
[2.798s] 
[2.798s] Installed /home/henri/project/ROS2-predator-prey/ros2_ws/build/launch_gazebo
[2.799s] running install_data
[2.799s] copying launch_gazebo/spawn_robot.py -> /home/henri/project/ROS2-predator-prey/ros2_ws/install/launch_gazebo/share/launch_gazebo
[2.799s] copying launch/launch_sim.py -> /home/henri/project/ROS2-predator-prey/ros2_ws/install/launch_gazebo/share/launch_gazebo/launch
[2.799s] error: can't copy 'objects/robotWithCamera.sdf': doesn't exist or not a regular file
[2.826s] Invoked command in '/home/henri/project/ROS2-predator-prey/ros2_ws/build/launch_gazebo' returned '1': PYTHONPATH=/home/henri/project/ROS2-predator-prey/ros2_ws/build/launch_gazebo/prefix_override:/home/henri/project/ROS2-predator-prey/ros2_ws/install/launch_gazebo/lib/python3.10/site-packages:${PYTHONPATH} /usr/bin/python3 setup.py develop --editable --build-directory /home/henri/project/ROS2-predator-prey/ros2_ws/build/launch_gazebo/build --no-deps install_data
