-- The C compiler identification is GNU 11.3.0
-- The CXX compiler identification is GNU 11.3.0
-- Detecting C compiler ABI info
-- Detecting C compiler ABI info - done
-- Check for working C compiler: /usr/bin/cc - skipped
-- Detecting C compile features
-- Detecting C compile features - done
-- Detecting CXX compiler ABI info
-- Detecting CXX compiler ABI info - done
-- Check for working CXX compiler: /usr/bin/c++ - skipped
-- Detecting CXX compile features
-- Detecting CXX compile features - done
-- Found urdf: 2.6.0 (/home/henri/ros2_humble/install/urdf/share/urdf/cmake)
-- Found Python3: /usr/bin/python3.10 (found version "3.10.6") found components: Interpreter 
-- Override CMake install command with custom implementation using symlinks instead of copying resources
-- Configuring done (5.7s)
-- Generating done (0.0s)
-- Build files have been written to: /home/henri/project/ROS2-predator-prey/ros2_ws/build/thymio_description
-- Install configuration: ""
-- Execute custom install script
-- Symlinking: /home/henri/project/ROS2-predator-prey/ros2_ws/install/thymio_description/share/thymio_description/meshes/base_simple.dae
-- Symlinking: /home/henri/project/ROS2-predator-prey/ros2_ws/install/thymio_description/share/thymio_description/meshes/base_collision.dae
-- Symlinking: /home/henri/project/ROS2-predator-prey/ros2_ws/install/thymio_description/share/thymio_description/meshes/wheel.dae
-- Symlinking: /home/henri/project/ROS2-predator-prey/ros2_ws/install/thymio_description/share/thymio_description/urdf/base.urdf.xacro
-- Symlinking: /home/henri/project/ROS2-predator-prey/ros2_ws/install/thymio_description/share/thymio_description/urdf/build/COLCON_IGNORE
-- Symlinking: /home/henri/project/ROS2-predator-prey/ros2_ws/install/thymio_description/share/thymio_description/urdf/e_puck.sdf
-- Symlinking: /home/henri/project/ROS2-predator-prey/ros2_ws/install/thymio_description/share/thymio_description/urdf/e_puck.urdf
-- Symlinking: /home/henri/project/ROS2-predator-prey/ros2_ws/install/thymio_description/share/thymio_description/urdf/imu.urdf.xacro
-- Symlinking: /home/henri/project/ROS2-predator-prey/ros2_ws/install/thymio_description/share/thymio_description/urdf/install/COLCON_IGNORE
-- Symlinking: /home/henri/project/ROS2-predator-prey/ros2_ws/install/thymio_description/share/thymio_description/urdf/install/_local_setup_util_ps1.py
-- Symlinking: /home/henri/project/ROS2-predator-prey/ros2_ws/install/thymio_description/share/thymio_description/urdf/install/_local_setup_util_sh.py
-- Symlinking: /home/henri/project/ROS2-predator-prey/ros2_ws/install/thymio_description/share/thymio_description/urdf/install/local_setup.bash
-- Symlinking: /home/henri/project/ROS2-predator-prey/ros2_ws/install/thymio_description/share/thymio_description/urdf/install/local_setup.ps1
-- Symlinking: /home/henri/project/ROS2-predator-prey/ros2_ws/install/thymio_description/share/thymio_description/urdf/install/local_setup.sh
-- Symlinking: /home/henri/project/ROS2-predator-prey/ros2_ws/install/thymio_description/share/thymio_description/urdf/install/local_setup.zsh
-- Symlinking: /home/henri/project/ROS2-predator-prey/ros2_ws/install/thymio_description/share/thymio_description/urdf/install/setup.bash
-- Symlinking: /home/henri/project/ROS2-predator-prey/ros2_ws/install/thymio_description/share/thymio_description/urdf/install/setup.ps1
-- Symlinking: /home/henri/project/ROS2-predator-prey/ros2_ws/install/thymio_description/share/thymio_description/urdf/install/setup.sh
-- Symlinking: /home/henri/project/ROS2-predator-prey/ros2_ws/install/thymio_description/share/thymio_description/urdf/install/setup.zsh
-- Symlinking: /home/henri/project/ROS2-predator-prey/ros2_ws/install/thymio_description/share/thymio_description/urdf/log/COLCON_IGNORE
-- Symlinking: /home/henri/project/ROS2-predator-prey/ros2_ws/install/thymio_description/share/thymio_description/urdf/log/build_2022-03-24_21-40-29/events.log
-- Symlinking: /home/henri/project/ROS2-predator-prey/ros2_ws/install/thymio_description/share/thymio_description/urdf/log/build_2022-03-24_21-40-29/logger_all.log
-- Symlinking: /home/henri/project/ROS2-predator-prey/ros2_ws/install/thymio_description/share/thymio_description/urdf/proximity_sensor.urdf.xacro
-- Symlinking: /home/henri/project/ROS2-predator-prey/ros2_ws/install/thymio_description/share/thymio_description/urdf/thymio.sdf
-- Symlinking: /home/henri/project/ROS2-predator-prey/ros2_ws/install/thymio_description/share/thymio_description/urdf/thymio.urdf
-- Symlinking: /home/henri/project/ROS2-predator-prey/ros2_ws/install/thymio_description/share/thymio_description/urdf/thymio.urdf.xacro
-- Symlinking: /home/henri/project/ROS2-predator-prey/ros2_ws/install/thymio_description/share/thymio_description/urdf/wheel.urdf.xacro
-- Symlinking: /home/henri/project/ROS2-predator-prey/ros2_ws/install/thymio_description/share/thymio_description/launch/model.launch.py
-- Symlinking: /home/henri/project/ROS2-predator-prey/ros2_ws/install/thymio_description/share/thymio_description/launch/rviz.launch.py
-- Symlinking: /home/henri/project/ROS2-predator-prey/ros2_ws/install/thymio_description/share/thymio_description/launch/spawn.launch
-- Symlinking: /home/henri/project/ROS2-predator-prey/ros2_ws/install/thymio_description/share/thymio_description/launch/template.rviz
-- Symlinking: /home/henri/project/ROS2-predator-prey/ros2_ws/install/thymio_description/share/thymio_description/model.config
-- Symlinking: /home/henri/project/ROS2-predator-prey/ros2_ws/install/thymio_description/share/ament_index/resource_index/package_run_dependencies/thymio_description
-- Symlinking: /home/henri/project/ROS2-predator-prey/ros2_ws/install/thymio_description/share/ament_index/resource_index/parent_prefix_path/thymio_description
-- Up-to-date symlink: /home/henri/project/ROS2-predator-prey/ros2_ws/install/thymio_description/share/thymio_description/environment/ament_prefix_path.sh
-- Symlinking: /home/henri/project/ROS2-predator-prey/ros2_ws/install/thymio_description/share/thymio_description/environment/ament_prefix_path.dsv
-- Up-to-date symlink: /home/henri/project/ROS2-predator-prey/ros2_ws/install/thymio_description/share/thymio_description/environment/path.sh
-- Symlinking: /home/henri/project/ROS2-predator-prey/ros2_ws/install/thymio_description/share/thymio_description/environment/path.dsv
-- Symlinking: /home/henri/project/ROS2-predator-prey/ros2_ws/install/thymio_description/share/thymio_description/local_setup.bash
-- Symlinking: /home/henri/project/ROS2-predator-prey/ros2_ws/install/thymio_description/share/thymio_description/local_setup.sh
-- Symlinking: /home/henri/project/ROS2-predator-prey/ros2_ws/install/thymio_description/share/thymio_description/local_setup.zsh
-- Symlinking: /home/henri/project/ROS2-predator-prey/ros2_ws/install/thymio_description/share/thymio_description/local_setup.dsv
-- Symlinking: /home/henri/project/ROS2-predator-prey/ros2_ws/install/thymio_description/share/thymio_description/package.dsv
-- Symlinking: /home/henri/project/ROS2-predator-prey/ros2_ws/install/thymio_description/share/ament_index/resource_index/packages/thymio_description
-- Symlinking: /home/henri/project/ROS2-predator-prey/ros2_ws/install/thymio_description/share/thymio_description/cmake/thymio_descriptionConfig.cmake
-- Symlinking: /home/henri/project/ROS2-predator-prey/ros2_ws/install/thymio_description/share/thymio_description/cmake/thymio_descriptionConfig-version.cmake
-- Symlinking: /home/henri/project/ROS2-predator-prey/ros2_ws/install/thymio_description/share/thymio_description/package.xml
