[1.401s] Invoking command in '/home/henri/ROS2-predator-prey/ros2_ws/build/launch_gazebo': PYTHONPATH=/home/henri/ROS2-predator-prey/ros2_ws/build/launch_gazebo/prefix_override:/home/henri/ROS2-predator-prey/ros2_ws/install/launch_gazebo/lib/python3.10/site-packages:${PYTHONPATH} /usr/bin/python3 setup.py develop --editable --build-directory /home/henri/ROS2-predator-prey/ros2_ws/build/launch_gazebo/build --no-deps install_data
[2.040s] running develop
[2.040s] /usr/lib/python3/dist-packages/setuptools/command/easy_install.py:158: EasyInstallDeprecationWarning: easy_install command is deprecated. Use build and pip and other standards-based tools.
[2.040s]   warnings.warn(
[2.041s] /usr/lib/python3/dist-packages/setuptools/command/install.py:34: SetuptoolsDeprecationWarning: setup.py install is deprecated. Use build and pip and other standards-based tools.
[2.041s]   warnings.warn(
[2.157s] /usr/lib/python3/dist-packages/pkg_resources/__init__.py:116: PkgResourcesDeprecationWarning: 1.16.0-unknown is an invalid version and will not be supported in a future release
[2.157s]   warnings.warn(
[2.157s] /usr/lib/python3/dist-packages/pkg_resources/__init__.py:116: PkgResourcesDeprecationWarning: 0.1.43ubuntu1 is an invalid version and will not be supported in a future release
[2.158s]   warnings.warn(
[2.158s] /usr/lib/python3/dist-packages/pkg_resources/__init__.py:116: PkgResourcesDeprecationWarning: 1.1build1 is an invalid version and will not be supported in a future release
[2.158s]   warnings.warn(
[2.372s] running egg_info
[2.373s] writing launch_gazebo.egg-info/PKG-INFO
[2.373s] writing dependency_links to launch_gazebo.egg-info/dependency_links.txt
[2.373s] writing entry points to launch_gazebo.egg-info/entry_points.txt
[2.373s] writing requirements to launch_gazebo.egg-info/requires.txt
[2.373s] writing top-level names to launch_gazebo.egg-info/top_level.txt
[2.375s] reading manifest file 'launch_gazebo.egg-info/SOURCES.txt'
[2.375s] writing manifest file 'launch_gazebo.egg-info/SOURCES.txt'
[2.380s] running build_ext
[2.380s] Creating /home/henri/ROS2-predator-prey/ros2_ws/install/launch_gazebo/lib/python3.10/site-packages/launch-gazebo.egg-link (link to .)
[2.381s] Installing spawn_robot script to /home/henri/ROS2-predator-prey/ros2_ws/install/launch_gazebo/lib/launch_gazebo
[2.381s] 
[2.381s] Installed /home/henri/ROS2-predator-prey/ros2_ws/build/launch_gazebo
[2.382s] running install_data
[2.382s] copying worlds/4x4.world -> /home/henri/ROS2-predator-prey/ros2_ws/install/launch_gazebo/share/launch_gazebo/worlds
[2.413s] Invoked command in '/home/henri/ROS2-predator-prey/ros2_ws/build/launch_gazebo' returned '0': PYTHONPATH=/home/henri/ROS2-predator-prey/ros2_ws/build/launch_gazebo/prefix_override:/home/henri/ROS2-predator-prey/ros2_ws/install/launch_gazebo/lib/python3.10/site-packages:${PYTHONPATH} /usr/bin/python3 setup.py develop --editable --build-directory /home/henri/ROS2-predator-prey/ros2_ws/build/launch_gazebo/build --no-deps install_data
