running develop
Removing /home/henri/project/ROS2-predator-prey/ros2_ws/install/launch_gazebo/lib/python3.10/site-packages/launch-gazebo.egg-link (link to .)
running egg_info
writing ../../build/launch_gazebo/launch_gazebo.egg-info/PKG-INFO
writing dependency_links to ../../build/launch_gazebo/launch_gazebo.egg-info/dependency_links.txt
writing entry points to ../../build/launch_gazebo/launch_gazebo.egg-info/entry_points.txt
writing requirements to ../../build/launch_gazebo/launch_gazebo.egg-info/requires.txt
writing top-level names to ../../build/launch_gazebo/launch_gazebo.egg-info/top_level.txt
reading manifest file '../../build/launch_gazebo/launch_gazebo.egg-info/SOURCES.txt'
writing manifest file '../../build/launch_gazebo/launch_gazebo.egg-info/SOURCES.txt'
running build
running build_py
creating /home/henri/project/ROS2-predator-prey/ros2_ws/build/launch_gazebo/build
creating /home/henri/project/ROS2-predator-prey/ros2_ws/build/launch_gazebo/build/lib
creating /home/henri/project/ROS2-predator-prey/ros2_ws/build/launch_gazebo/build/lib/launch_gazebo
copying launch_gazebo/change_material.py -> /home/henri/project/ROS2-predator-prey/ros2_ws/build/launch_gazebo/build/lib/launch_gazebo
copying launch_gazebo/__init__.py -> /home/henri/project/ROS2-predator-prey/ros2_ws/build/launch_gazebo/build/lib/launch_gazebo
copying launch_gazebo/spawn_robot.py -> /home/henri/project/ROS2-predator-prey/ros2_ws/build/launch_gazebo/build/lib/launch_gazebo
running install
running install_lib
creating /home/henri/project/ROS2-predator-prey/ros2_ws/install/launch_gazebo/lib/python3.10/site-packages/launch_gazebo
copying /home/henri/project/ROS2-predator-prey/ros2_ws/build/launch_gazebo/build/lib/launch_gazebo/change_material.py -> /home/henri/project/ROS2-predator-prey/ros2_ws/install/launch_gazebo/lib/python3.10/site-packages/launch_gazebo
copying /home/henri/project/ROS2-predator-prey/ros2_ws/build/launch_gazebo/build/lib/launch_gazebo/__init__.py -> /home/henri/project/ROS2-predator-prey/ros2_ws/install/launch_gazebo/lib/python3.10/site-packages/launch_gazebo
copying /home/henri/project/ROS2-predator-prey/ros2_ws/build/launch_gazebo/build/lib/launch_gazebo/spawn_robot.py -> /home/henri/project/ROS2-predator-prey/ros2_ws/install/launch_gazebo/lib/python3.10/site-packages/launch_gazebo
byte-compiling /home/henri/project/ROS2-predator-prey/ros2_ws/install/launch_gazebo/lib/python3.10/site-packages/launch_gazebo/change_material.py to change_material.cpython-310.pyc
byte-compiling /home/henri/project/ROS2-predator-prey/ros2_ws/install/launch_gazebo/lib/python3.10/site-packages/launch_gazebo/__init__.py to __init__.cpython-310.pyc
byte-compiling /home/henri/project/ROS2-predator-prey/ros2_ws/install/launch_gazebo/lib/python3.10/site-packages/launch_gazebo/spawn_robot.py to spawn_robot.cpython-310.pyc
running install_data
copying worlds/4x4.world -> /home/henri/project/ROS2-predator-prey/ros2_ws/install/launch_gazebo/share/launch_gazebo/worlds
copying objects/turtlebot4.sdf -> /home/henri/project/ROS2-predator-prey/ros2_ws/install/launch_gazebo/share/launch_gazebo/objects
running install_egg_info
Copying ../../build/launch_gazebo/launch_gazebo.egg-info to /home/henri/project/ROS2-predator-prey/ros2_ws/install/launch_gazebo/lib/python3.10/site-packages/launch_gazebo-0.0.0-py3.10.egg-info
running install_scripts
Installing spawn_robot script to /home/henri/project/ROS2-predator-prey/ros2_ws/install/launch_gazebo/lib/launch_gazebo
writing list of installed files to '/home/henri/project/ROS2-predator-prey/ros2_ws/build/launch_gazebo/install.log'
