[0.488s] DEBUG:colcon:Command line arguments: ['/usr/bin/colcon', 'build', '--symlink-install']
[0.488s] DEBUG:colcon:Parsed command line arguments: Namespace(log_base=None, log_level=None, verb_name='build', build_base='build', install_base='install', merge_install=False, symlink_install=True, test_result_base=None, continue_on_error=False, executor='parallel', parallel_workers=8, event_handlers=None, ignore_user_meta=False, metas=['./colcon.meta'], base_paths=['.'], packages_ignore=None, packages_ignore_regex=None, paths=None, packages_up_to=None, packages_up_to_regex=None, packages_above=None, packages_above_and_dependencies=None, packages_above_depth=None, packages_select_by_dep=None, packages_skip_by_dep=None, packages_skip_up_to=None, packages_select_build_failed=False, packages_skip_build_finished=False, packages_select_test_failures=False, packages_skip_test_passed=False, packages_select=None, packages_skip=None, packages_select_regex=None, packages_skip_regex=None, packages_start=None, packages_end=None, allow_overriding=[], cmake_args=None, cmake_target=None, cmake_target_skip_unavailable=False, cmake_clean_cache=False, cmake_clean_first=False, cmake_force_configure=False, ament_cmake_args=None, catkin_cmake_args=None, catkin_skip_building_tests=False, verb_parser=<colcon_defaults.argument_parser.defaults.DefaultArgumentsDecorator object at 0x7f43e56e17e0>, verb_extension=<colcon_core.verb.build.BuildVerb object at 0x7f43e5e71d50>, main=<bound method BuildVerb.main of <colcon_core.verb.build.BuildVerb object at 0x7f43e5e71d50>>)
[0.527s] Level 1:colcon.colcon_core.package_discovery:discover_packages(colcon_meta) check parameters
[0.528s] Level 1:colcon.colcon_core.package_discovery:discover_packages(recursive) check parameters
[0.528s] Level 1:colcon.colcon_core.package_discovery:discover_packages(ignore) check parameters
[0.528s] Level 1:colcon.colcon_core.package_discovery:discover_packages(path) check parameters
[0.528s] Level 1:colcon.colcon_core.package_discovery:discover_packages(colcon_meta) discover
[0.528s] Level 1:colcon.colcon_core.package_discovery:discover_packages(recursive) discover
[0.528s] INFO:colcon.colcon_core.package_discovery:Crawling recursively for packages in '/home/henri/ROS2-predator-prey/ros2_ws'
[0.528s] Level 1:colcon.colcon_core.package_identification:_identify(.) by extensions ['ignore', 'ignore_ament_install']
[0.528s] Level 1:colcon.colcon_core.package_identification:_identify(.) by extension 'ignore'
[0.528s] Level 1:colcon.colcon_core.package_identification:_identify(.) by extension 'ignore_ament_install'
[0.528s] Level 1:colcon.colcon_core.package_identification:_identify(.) by extensions ['colcon_pkg']
[0.528s] Level 1:colcon.colcon_core.package_identification:_identify(.) by extension 'colcon_pkg'
[0.528s] Level 1:colcon.colcon_core.package_identification:_identify(.) by extensions ['colcon_meta']
[0.528s] Level 1:colcon.colcon_core.package_identification:_identify(.) by extension 'colcon_meta'
[0.528s] Level 1:colcon.colcon_core.package_identification:_identify(.) by extensions ['ros']
[0.528s] Level 1:colcon.colcon_core.package_identification:_identify(.) by extension 'ros'
[0.539s] Level 1:colcon.colcon_core.package_identification:_identify(.) by extensions ['cmake', 'python']
[0.539s] Level 1:colcon.colcon_core.package_identification:_identify(.) by extension 'cmake'
[0.539s] Level 1:colcon.colcon_core.package_identification:_identify(.) by extension 'python'
[0.539s] Level 1:colcon.colcon_core.package_identification:_identify(.) by extensions ['python_setup_py']
[0.539s] Level 1:colcon.colcon_core.package_identification:_identify(.) by extension 'python_setup_py'
[0.539s] Level 1:colcon.colcon_core.package_identification:_identify(build) by extensions ['ignore', 'ignore_ament_install']
[0.539s] Level 1:colcon.colcon_core.package_identification:_identify(build) by extension 'ignore'
[0.539s] Level 1:colcon.colcon_core.package_identification:_identify(build) ignored
[0.539s] Level 1:colcon.colcon_core.package_identification:_identify(install) by extensions ['ignore', 'ignore_ament_install']
[0.540s] Level 1:colcon.colcon_core.package_identification:_identify(install) by extension 'ignore'
[0.540s] Level 1:colcon.colcon_core.package_identification:_identify(install) ignored
[0.540s] Level 1:colcon.colcon_core.package_identification:_identify(log) by extensions ['ignore', 'ignore_ament_install']
[0.540s] Level 1:colcon.colcon_core.package_identification:_identify(log) by extension 'ignore'
[0.540s] Level 1:colcon.colcon_core.package_identification:_identify(log) ignored
[0.540s] Level 1:colcon.colcon_core.package_identification:_identify(src) by extensions ['ignore', 'ignore_ament_install']
[0.540s] Level 1:colcon.colcon_core.package_identification:_identify(src) by extension 'ignore'
[0.540s] Level 1:colcon.colcon_core.package_identification:_identify(src) by extension 'ignore_ament_install'
[0.540s] Level 1:colcon.colcon_core.package_identification:_identify(src) by extensions ['colcon_pkg']
[0.540s] Level 1:colcon.colcon_core.package_identification:_identify(src) by extension 'colcon_pkg'
[0.540s] Level 1:colcon.colcon_core.package_identification:_identify(src) by extensions ['colcon_meta']
[0.540s] Level 1:colcon.colcon_core.package_identification:_identify(src) by extension 'colcon_meta'
[0.540s] Level 1:colcon.colcon_core.package_identification:_identify(src) by extensions ['ros']
[0.540s] Level 1:colcon.colcon_core.package_identification:_identify(src) by extension 'ros'
[0.540s] Level 1:colcon.colcon_core.package_identification:_identify(src) by extensions ['cmake', 'python']
[0.540s] Level 1:colcon.colcon_core.package_identification:_identify(src) by extension 'cmake'
[0.540s] Level 1:colcon.colcon_core.package_identification:_identify(src) by extension 'python'
[0.540s] Level 1:colcon.colcon_core.package_identification:_identify(src) by extensions ['python_setup_py']
[0.540s] Level 1:colcon.colcon_core.package_identification:_identify(src) by extension 'python_setup_py'
[0.541s] Level 1:colcon.colcon_core.package_identification:_identify(src/launch_gazebo) by extensions ['ignore', 'ignore_ament_install']
[0.541s] Level 1:colcon.colcon_core.package_identification:_identify(src/launch_gazebo) by extension 'ignore'
[0.541s] Level 1:colcon.colcon_core.package_identification:_identify(src/launch_gazebo) by extension 'ignore_ament_install'
[0.541s] Level 1:colcon.colcon_core.package_identification:_identify(src/launch_gazebo) by extensions ['colcon_pkg']
[0.541s] Level 1:colcon.colcon_core.package_identification:_identify(src/launch_gazebo) by extension 'colcon_pkg'
[0.541s] Level 1:colcon.colcon_core.package_identification:_identify(src/launch_gazebo) by extensions ['colcon_meta']
[0.541s] Level 1:colcon.colcon_core.package_identification:_identify(src/launch_gazebo) by extension 'colcon_meta'
[0.541s] Level 1:colcon.colcon_core.package_identification:_identify(src/launch_gazebo) by extensions ['ros']
[0.541s] Level 1:colcon.colcon_core.package_identification:_identify(src/launch_gazebo) by extension 'ros'
[0.543s] DEBUG:colcon.colcon_core.package_identification:Package 'src/launch_gazebo' with type 'ros.ament_python' and name 'launch_gazebo'
[0.543s] Level 1:colcon.colcon_core.package_identification:_identify(src/thymio_description) by extensions ['ignore', 'ignore_ament_install']
[0.543s] Level 1:colcon.colcon_core.package_identification:_identify(src/thymio_description) by extension 'ignore'
[0.543s] Level 1:colcon.colcon_core.package_identification:_identify(src/thymio_description) by extension 'ignore_ament_install'
[0.543s] Level 1:colcon.colcon_core.package_identification:_identify(src/thymio_description) by extensions ['colcon_pkg']
[0.543s] Level 1:colcon.colcon_core.package_identification:_identify(src/thymio_description) by extension 'colcon_pkg'
[0.543s] Level 1:colcon.colcon_core.package_identification:_identify(src/thymio_description) by extensions ['colcon_meta']
[0.543s] Level 1:colcon.colcon_core.package_identification:_identify(src/thymio_description) by extension 'colcon_meta'
[0.543s] Level 1:colcon.colcon_core.package_identification:_identify(src/thymio_description) by extensions ['ros']
[0.543s] Level 1:colcon.colcon_core.package_identification:_identify(src/thymio_description) by extension 'ros'
[0.544s] DEBUG:colcon.colcon_core.package_identification:Package 'src/thymio_description' with type 'ros.ament_cmake' and name 'thymio_description'
[0.544s] Level 1:colcon.colcon_core.package_discovery:discover_packages(recursive) using defaults
[0.544s] Level 1:colcon.colcon_core.package_discovery:discover_packages(ignore) discover
[0.544s] Level 1:colcon.colcon_core.package_discovery:discover_packages(ignore) using defaults
[0.544s] Level 1:colcon.colcon_core.package_discovery:discover_packages(path) discover
[0.544s] Level 1:colcon.colcon_core.package_discovery:discover_packages(path) using defaults
[0.588s] Level 1:colcon.colcon_core.package_discovery:discover_packages(prefix_path) check parameters
[0.588s] Level 1:colcon.colcon_core.package_discovery:discover_packages(prefix_path) discover
[0.603s] DEBUG:colcon.colcon_installed_package_information.package_discovery:Found 2 installed packages in /home/henri/ROS2-predator-prey/ros2_ws/install
[0.611s] DEBUG:colcon.colcon_installed_package_information.package_discovery:Found 343 installed packages in /home/henri/ros2_humble/install
[0.615s] DEBUG:colcon.colcon_installed_package_information.package_discovery:Found 311 installed packages in /opt/ros/humble
[0.625s] Level 1:colcon.colcon_core.package_discovery:discover_packages(prefix_path) using defaults
[0.701s] Level 5:colcon.colcon_core.verb:set package 'launch_gazebo' build argument 'cmake_args' from command line to 'None'
[0.702s] Level 5:colcon.colcon_core.verb:set package 'launch_gazebo' build argument 'cmake_target' from command line to 'None'
[0.702s] Level 5:colcon.colcon_core.verb:set package 'launch_gazebo' build argument 'cmake_target_skip_unavailable' from command line to 'False'
[0.702s] Level 5:colcon.colcon_core.verb:set package 'launch_gazebo' build argument 'cmake_clean_cache' from command line to 'False'
[0.702s] Level 5:colcon.colcon_core.verb:set package 'launch_gazebo' build argument 'cmake_clean_first' from command line to 'False'
[0.702s] Level 5:colcon.colcon_core.verb:set package 'launch_gazebo' build argument 'cmake_force_configure' from command line to 'False'
[0.702s] Level 5:colcon.colcon_core.verb:set package 'launch_gazebo' build argument 'ament_cmake_args' from command line to 'None'
[0.702s] Level 5:colcon.colcon_core.verb:set package 'launch_gazebo' build argument 'catkin_cmake_args' from command line to 'None'
[0.702s] Level 5:colcon.colcon_core.verb:set package 'launch_gazebo' build argument 'catkin_skip_building_tests' from command line to 'False'
[0.702s] DEBUG:colcon.colcon_core.verb:Building package 'launch_gazebo' with the following arguments: {'ament_cmake_args': None, 'build_base': '/home/henri/ROS2-predator-prey/ros2_ws/build/launch_gazebo', 'catkin_cmake_args': None, 'catkin_skip_building_tests': False, 'cmake_args': None, 'cmake_clean_cache': False, 'cmake_clean_first': False, 'cmake_force_configure': False, 'cmake_target': None, 'cmake_target_skip_unavailable': False, 'install_base': '/home/henri/ROS2-predator-prey/ros2_ws/install/launch_gazebo', 'merge_install': False, 'path': '/home/henri/ROS2-predator-prey/ros2_ws/src/launch_gazebo', 'symlink_install': True, 'test_result_base': None}
[0.703s] Level 5:colcon.colcon_core.verb:set package 'thymio_description' build argument 'cmake_args' from command line to 'None'
[0.703s] Level 5:colcon.colcon_core.verb:set package 'thymio_description' build argument 'cmake_target' from command line to 'None'
[0.703s] Level 5:colcon.colcon_core.verb:set package 'thymio_description' build argument 'cmake_target_skip_unavailable' from command line to 'False'
[0.703s] Level 5:colcon.colcon_core.verb:set package 'thymio_description' build argument 'cmake_clean_cache' from command line to 'False'
[0.703s] Level 5:colcon.colcon_core.verb:set package 'thymio_description' build argument 'cmake_clean_first' from command line to 'False'
[0.703s] Level 5:colcon.colcon_core.verb:set package 'thymio_description' build argument 'cmake_force_configure' from command line to 'False'
[0.703s] Level 5:colcon.colcon_core.verb:set package 'thymio_description' build argument 'ament_cmake_args' from command line to 'None'
[0.703s] Level 5:colcon.colcon_core.verb:set package 'thymio_description' build argument 'catkin_cmake_args' from command line to 'None'
[0.703s] Level 5:colcon.colcon_core.verb:set package 'thymio_description' build argument 'catkin_skip_building_tests' from command line to 'False'
[0.703s] DEBUG:colcon.colcon_core.verb:Building package 'thymio_description' with the following arguments: {'ament_cmake_args': None, 'build_base': '/home/henri/ROS2-predator-prey/ros2_ws/build/thymio_description', 'catkin_cmake_args': None, 'catkin_skip_building_tests': False, 'cmake_args': None, 'cmake_clean_cache': False, 'cmake_clean_first': False, 'cmake_force_configure': False, 'cmake_target': None, 'cmake_target_skip_unavailable': False, 'install_base': '/home/henri/ROS2-predator-prey/ros2_ws/install/thymio_description', 'merge_install': False, 'path': '/home/henri/ROS2-predator-prey/ros2_ws/src/thymio_description', 'symlink_install': True, 'test_result_base': None}
[0.704s] INFO:colcon.colcon_core.executor:Executing jobs using 'parallel' executor
[0.708s] DEBUG:colcon.colcon_parallel_executor.executor.parallel:run_until_complete
[0.709s] INFO:colcon.colcon_ros.task.ament_python.build:Building ROS package in '/home/henri/ROS2-predator-prey/ros2_ws/src/launch_gazebo' with build type 'ament_python'
[0.709s] Level 1:colcon.colcon_core.shell:create_environment_hook('launch_gazebo', 'ament_prefix_path')
[0.717s] INFO:colcon.colcon_core.plugin_system:Skipping extension 'colcon_core.shell.bat': Not used on non-Windows systems
[0.717s] INFO:colcon.colcon_core.shell:Creating environment hook '/home/henri/ROS2-predator-prey/ros2_ws/install/launch_gazebo/share/launch_gazebo/hook/ament_prefix_path.ps1'
[0.717s] INFO:colcon.colcon_core.shell:Creating environment descriptor '/home/henri/ROS2-predator-prey/ros2_ws/install/launch_gazebo/share/launch_gazebo/hook/ament_prefix_path.dsv'
[0.718s] INFO:colcon.colcon_core.shell:Creating environment hook '/home/henri/ROS2-predator-prey/ros2_ws/install/launch_gazebo/share/launch_gazebo/hook/ament_prefix_path.sh'
[0.720s] INFO:colcon.colcon_core.shell:Skip shell extension 'powershell' for command environment: Not usable outside of PowerShell
[0.720s] DEBUG:colcon.colcon_core.shell:Skip shell extension 'dsv' for command environment
[0.746s] INFO:colcon.colcon_ros.task.ament_cmake.build:Building ROS package in '/home/henri/ROS2-predator-prey/ros2_ws/src/thymio_description' with build type 'ament_cmake'
[0.746s] INFO:colcon.colcon_cmake.task.cmake.build:Building CMake package in '/home/henri/ROS2-predator-prey/ros2_ws/src/thymio_description'
[0.748s] INFO:colcon.colcon_core.shell:Skip shell extension 'powershell' for command environment: Not usable outside of PowerShell
[0.748s] DEBUG:colcon.colcon_core.shell:Skip shell extension 'dsv' for command environment
[1.273s] INFO:colcon.colcon_core.task.python.build:Building Python package in '/home/henri/ROS2-predator-prey/ros2_ws/src/launch_gazebo'
[1.275s] INFO:colcon.colcon_core.shell:Skip shell extension 'powershell' for command environment: Not usable outside of PowerShell
[1.275s] DEBUG:colcon.colcon_core.shell:Skip shell extension 'dsv' for command environment
[1.305s] DEBUG:colcon.colcon_core.event_handler.log_command:Invoking command in '/home/henri/ROS2-predator-prey/ros2_ws/build/thymio_description': CMAKE_PREFIX_PATH=${CMAKE_PREFIX_PATH}:/home/henri/ROS2-predator-prey/ros2_ws/install/launch_gazebo:/opt/ros/humble:/home/henri/ros2_humble/install/rqt_bag_plugins:/home/henri/ros2_humble/install/rqt_bag:/home/henri/ros2_humble/install/ros2bag:/home/henri/ros2_humble/install/tracetools_test:/home/henri/ros2_humble/install/tracetools_launch:/home/henri/ros2_humble/install/topic_monitor:/home/henri/ros2_humble/install/tf2_tools:/home/henri/ros2_humble/install/examples_tf2_py:/home/henri/ros2_humble/install/tf2_ros_py:/home/henri/ros2_humble/install/sros2:/home/henri/ros2_humble/install/rqt_topic:/home/henri/ros2_humble/install/rqt_srv:/home/henri/ros2_humble/install/rqt_shell:/home/henri/ros2_humble/install/rqt_service_caller:/home/henri/ros2_humble/install/rqt_reconfigure:/home/henri/ros2_humble/install/rqt_py_console:/home/henri/ros2_humble/install/rqt_publisher:/home/henri/ros2_humble/install/rqt_plot:/home/henri/ros2_humble/install/rqt_action:/home/henri/ros2_humble/install/rqt_msg:/home/henri/ros2_humble/install/rqt_console:/home/henri/ros2_humble/install/rqt:/home/henri/ros2_humble/install/rqt_graph:/home/henri/ros2_humble/install/rqt_gui_py:/home/henri/ros2_humble/install/rqt_gui:/home/henri/ros2_humble/install/ros2trace:/home/henri/ros2_humble/install/ros2topic:/home/henri/ros2_humble/install/ros2test:/home/henri/ros2_humble/install/ros2component:/home/henri/ros2_humble/install/ros2param:/home/henri/ros2_humble/install/ros2lifecycle:/home/henri/ros2_humble/install/ros2service:/home/henri/ros2_humble/install/ros2run:/home/henri/ros2_humble/install/ros2launch:/home/henri/ros2_humble/install/ros2pkg:/home/henri/ros2_humble/install/ros2node:/home/henri/ros2_humble/install/ros2multicast:/home/henri/ros2_humble/install/ros2interface:/home/henri/ros2_humble/install/ros2doctor:/home/henri/ros2_humble/install/ros2action:/home/henri/ros2_humble/install/ros2cli:/home/henri/ros2_humble/install/quality_of_service_demo_py:/home/henri/ros2_humble/install/lifecycle_py:/home/henri/ros2_humble/install/launch_testing_ros:/home/henri/ros2_humble/install/launch_ros:/home/henri/ros2_humble/install/examples_rclpy_pointcloud_publisher:/home/henri/ros2_humble/install/examples_rclpy_minimal_subscriber:/home/henri/ros2_humble/install/examples_rclpy_minimal_service:/home/henri/ros2_humble/install/examples_rclpy_minimal_publisher:/home/henri/ros2_humble/install/examples_rclpy_minimal_client:/home/henri/ros2_humble/install/examples_rclpy_minimal_action_server:/home/henri/ros2_humble/install/examples_rclpy_minimal_action_client:/home/henri/ros2_humble/install/examples_rclpy_guard_conditions:/home/henri/ros2_humble/install/examples_rclpy_executors:/home/henri/ros2_humble/install/demo_nodes_py:/home/henri/ros2_humble/install/action_tutorials_py:/home/henri/ros2_humble/install/ament_uncrustify:/home/henri/ros2_humble/install/tracetools_trace:/home/henri/ros2_humble/install/tracetools_read:/home/henri/ros2_humble/install/test_tracetools_launch:/home/henri/ros2_humble/install/test_launch_ros:/home/henri/ros2_humble/install/sensor_msgs_py:/home/henri/ros2_humble/install/rpyutils:/home/henri/ros2_humble/install/rosidl_runtime_py:/home/henri/ros2_humble/install/rosidl_cli:/home/henri/ros2_humble/install/launch_pytest:/home/henri/ros2_humble/install/launch_testing:/home/henri/ros2_humble/install/launch_yaml:/home/henri/ros2_humble/install/launch_xml:/home/henri/ros2_humble/install/launch:/home/henri/ros2_humble/install/osrf_pycommon:/home/henri/ros2_humble/install/launch_testing_examples:/home/henri/ros2_humble/install/domain_coordinator:/home/henri/ros2_humble/install/ament_xmllint:/home/henri/ros2_humble/install/ament_pyflakes:/home/henri/ros2_humble/install/ament_pycodestyle:/home/henri/ros2_humble/install/ament_pep257:/home/henri/ros2_humble/install/ament_pclint:/home/henri/ros2_humble/install/ament_package:/home/henri/ros2_humble/install/ament_mypy:/home/henri/ros2_humble/install/ament_lint_cmake:/home/henri/ros2_humble/install/ament_flake8:/home/henri/ros2_humble/install/ament_copyright:/home/henri/ros2_humble/install/ament_lint:/home/henri/ros2_humble/install/ament_index_python:/home/henri/ros2_humble/install/ament_cpplint:/home/henri/ros2_humble/install/ament_cppcheck:/home/henri/ros2_humble/install/ament_clang_tidy:/home/henri/ros2_humble/install/ament_clang_format /usr/bin/cmake --build /home/henri/ROS2-predator-prey/ros2_ws/build/thymio_description -- -j8 -l8
[1.408s] DEBUG:colcon.colcon_core.event_handler.log_command:Invoked command in '/home/henri/ROS2-predator-prey/ros2_ws/build/thymio_description' returned '0': CMAKE_PREFIX_PATH=${CMAKE_PREFIX_PATH}:/home/henri/ROS2-predator-prey/ros2_ws/install/launch_gazebo:/opt/ros/humble:/home/henri/ros2_humble/install/rqt_bag_plugins:/home/henri/ros2_humble/install/rqt_bag:/home/henri/ros2_humble/install/ros2bag:/home/henri/ros2_humble/install/tracetools_test:/home/henri/ros2_humble/install/tracetools_launch:/home/henri/ros2_humble/install/topic_monitor:/home/henri/ros2_humble/install/tf2_tools:/home/henri/ros2_humble/install/examples_tf2_py:/home/henri/ros2_humble/install/tf2_ros_py:/home/henri/ros2_humble/install/sros2:/home/henri/ros2_humble/install/rqt_topic:/home/henri/ros2_humble/install/rqt_srv:/home/henri/ros2_humble/install/rqt_shell:/home/henri/ros2_humble/install/rqt_service_caller:/home/henri/ros2_humble/install/rqt_reconfigure:/home/henri/ros2_humble/install/rqt_py_console:/home/henri/ros2_humble/install/rqt_publisher:/home/henri/ros2_humble/install/rqt_plot:/home/henri/ros2_humble/install/rqt_action:/home/henri/ros2_humble/install/rqt_msg:/home/henri/ros2_humble/install/rqt_console:/home/henri/ros2_humble/install/rqt:/home/henri/ros2_humble/install/rqt_graph:/home/henri/ros2_humble/install/rqt_gui_py:/home/henri/ros2_humble/install/rqt_gui:/home/henri/ros2_humble/install/ros2trace:/home/henri/ros2_humble/install/ros2topic:/home/henri/ros2_humble/install/ros2test:/home/henri/ros2_humble/install/ros2component:/home/henri/ros2_humble/install/ros2param:/home/henri/ros2_humble/install/ros2lifecycle:/home/henri/ros2_humble/install/ros2service:/home/henri/ros2_humble/install/ros2run:/home/henri/ros2_humble/install/ros2launch:/home/henri/ros2_humble/install/ros2pkg:/home/henri/ros2_humble/install/ros2node:/home/henri/ros2_humble/install/ros2multicast:/home/henri/ros2_humble/install/ros2interface:/home/henri/ros2_humble/install/ros2doctor:/home/henri/ros2_humble/install/ros2action:/home/henri/ros2_humble/install/ros2cli:/home/henri/ros2_humble/install/quality_of_service_demo_py:/home/henri/ros2_humble/install/lifecycle_py:/home/henri/ros2_humble/install/launch_testing_ros:/home/henri/ros2_humble/install/launch_ros:/home/henri/ros2_humble/install/examples_rclpy_pointcloud_publisher:/home/henri/ros2_humble/install/examples_rclpy_minimal_subscriber:/home/henri/ros2_humble/install/examples_rclpy_minimal_service:/home/henri/ros2_humble/install/examples_rclpy_minimal_publisher:/home/henri/ros2_humble/install/examples_rclpy_minimal_client:/home/henri/ros2_humble/install/examples_rclpy_minimal_action_server:/home/henri/ros2_humble/install/examples_rclpy_minimal_action_client:/home/henri/ros2_humble/install/examples_rclpy_guard_conditions:/home/henri/ros2_humble/install/examples_rclpy_executors:/home/henri/ros2_humble/install/demo_nodes_py:/home/henri/ros2_humble/install/action_tutorials_py:/home/henri/ros2_humble/install/ament_uncrustify:/home/henri/ros2_humble/install/tracetools_trace:/home/henri/ros2_humble/install/tracetools_read:/home/henri/ros2_humble/install/test_tracetools_launch:/home/henri/ros2_humble/install/test_launch_ros:/home/henri/ros2_humble/install/sensor_msgs_py:/home/henri/ros2_humble/install/rpyutils:/home/henri/ros2_humble/install/rosidl_runtime_py:/home/henri/ros2_humble/install/rosidl_cli:/home/henri/ros2_humble/install/launch_pytest:/home/henri/ros2_humble/install/launch_testing:/home/henri/ros2_humble/install/launch_yaml:/home/henri/ros2_humble/install/launch_xml:/home/henri/ros2_humble/install/launch:/home/henri/ros2_humble/install/osrf_pycommon:/home/henri/ros2_humble/install/launch_testing_examples:/home/henri/ros2_humble/install/domain_coordinator:/home/henri/ros2_humble/install/ament_xmllint:/home/henri/ros2_humble/install/ament_pyflakes:/home/henri/ros2_humble/install/ament_pycodestyle:/home/henri/ros2_humble/install/ament_pep257:/home/henri/ros2_humble/install/ament_pclint:/home/henri/ros2_humble/install/ament_package:/home/henri/ros2_humble/install/ament_mypy:/home/henri/ros2_humble/install/ament_lint_cmake:/home/henri/ros2_humble/install/ament_flake8:/home/henri/ros2_humble/install/ament_copyright:/home/henri/ros2_humble/install/ament_lint:/home/henri/ros2_humble/install/ament_index_python:/home/henri/ros2_humble/install/ament_cpplint:/home/henri/ros2_humble/install/ament_cppcheck:/home/henri/ros2_humble/install/ament_clang_tidy:/home/henri/ros2_humble/install/ament_clang_format /usr/bin/cmake --build /home/henri/ROS2-predator-prey/ros2_ws/build/thymio_description -- -j8 -l8
[1.516s] DEBUG:colcon.colcon_core.event_handler.log_command:Invoking command in '/home/henri/ROS2-predator-prey/ros2_ws/build/thymio_description': CMAKE_PREFIX_PATH=${CMAKE_PREFIX_PATH}:/home/henri/ROS2-predator-prey/ros2_ws/install/launch_gazebo:/opt/ros/humble:/home/henri/ros2_humble/install/rqt_bag_plugins:/home/henri/ros2_humble/install/rqt_bag:/home/henri/ros2_humble/install/ros2bag:/home/henri/ros2_humble/install/tracetools_test:/home/henri/ros2_humble/install/tracetools_launch:/home/henri/ros2_humble/install/topic_monitor:/home/henri/ros2_humble/install/tf2_tools:/home/henri/ros2_humble/install/examples_tf2_py:/home/henri/ros2_humble/install/tf2_ros_py:/home/henri/ros2_humble/install/sros2:/home/henri/ros2_humble/install/rqt_topic:/home/henri/ros2_humble/install/rqt_srv:/home/henri/ros2_humble/install/rqt_shell:/home/henri/ros2_humble/install/rqt_service_caller:/home/henri/ros2_humble/install/rqt_reconfigure:/home/henri/ros2_humble/install/rqt_py_console:/home/henri/ros2_humble/install/rqt_publisher:/home/henri/ros2_humble/install/rqt_plot:/home/henri/ros2_humble/install/rqt_action:/home/henri/ros2_humble/install/rqt_msg:/home/henri/ros2_humble/install/rqt_console:/home/henri/ros2_humble/install/rqt:/home/henri/ros2_humble/install/rqt_graph:/home/henri/ros2_humble/install/rqt_gui_py:/home/henri/ros2_humble/install/rqt_gui:/home/henri/ros2_humble/install/ros2trace:/home/henri/ros2_humble/install/ros2topic:/home/henri/ros2_humble/install/ros2test:/home/henri/ros2_humble/install/ros2component:/home/henri/ros2_humble/install/ros2param:/home/henri/ros2_humble/install/ros2lifecycle:/home/henri/ros2_humble/install/ros2service:/home/henri/ros2_humble/install/ros2run:/home/henri/ros2_humble/install/ros2launch:/home/henri/ros2_humble/install/ros2pkg:/home/henri/ros2_humble/install/ros2node:/home/henri/ros2_humble/install/ros2multicast:/home/henri/ros2_humble/install/ros2interface:/home/henri/ros2_humble/install/ros2doctor:/home/henri/ros2_humble/install/ros2action:/home/henri/ros2_humble/install/ros2cli:/home/henri/ros2_humble/install/quality_of_service_demo_py:/home/henri/ros2_humble/install/lifecycle_py:/home/henri/ros2_humble/install/launch_testing_ros:/home/henri/ros2_humble/install/launch_ros:/home/henri/ros2_humble/install/examples_rclpy_pointcloud_publisher:/home/henri/ros2_humble/install/examples_rclpy_minimal_subscriber:/home/henri/ros2_humble/install/examples_rclpy_minimal_service:/home/henri/ros2_humble/install/examples_rclpy_minimal_publisher:/home/henri/ros2_humble/install/examples_rclpy_minimal_client:/home/henri/ros2_humble/install/examples_rclpy_minimal_action_server:/home/henri/ros2_humble/install/examples_rclpy_minimal_action_client:/home/henri/ros2_humble/install/examples_rclpy_guard_conditions:/home/henri/ros2_humble/install/examples_rclpy_executors:/home/henri/ros2_humble/install/demo_nodes_py:/home/henri/ros2_humble/install/action_tutorials_py:/home/henri/ros2_humble/install/ament_uncrustify:/home/henri/ros2_humble/install/tracetools_trace:/home/henri/ros2_humble/install/tracetools_read:/home/henri/ros2_humble/install/test_tracetools_launch:/home/henri/ros2_humble/install/test_launch_ros:/home/henri/ros2_humble/install/sensor_msgs_py:/home/henri/ros2_humble/install/rpyutils:/home/henri/ros2_humble/install/rosidl_runtime_py:/home/henri/ros2_humble/install/rosidl_cli:/home/henri/ros2_humble/install/launch_pytest:/home/henri/ros2_humble/install/launch_testing:/home/henri/ros2_humble/install/launch_yaml:/home/henri/ros2_humble/install/launch_xml:/home/henri/ros2_humble/install/launch:/home/henri/ros2_humble/install/osrf_pycommon:/home/henri/ros2_humble/install/launch_testing_examples:/home/henri/ros2_humble/install/domain_coordinator:/home/henri/ros2_humble/install/ament_xmllint:/home/henri/ros2_humble/install/ament_pyflakes:/home/henri/ros2_humble/install/ament_pycodestyle:/home/henri/ros2_humble/install/ament_pep257:/home/henri/ros2_humble/install/ament_pclint:/home/henri/ros2_humble/install/ament_package:/home/henri/ros2_humble/install/ament_mypy:/home/henri/ros2_humble/install/ament_lint_cmake:/home/henri/ros2_humble/install/ament_flake8:/home/henri/ros2_humble/install/ament_copyright:/home/henri/ros2_humble/install/ament_lint:/home/henri/ros2_humble/install/ament_index_python:/home/henri/ros2_humble/install/ament_cpplint:/home/henri/ros2_humble/install/ament_cppcheck:/home/henri/ros2_humble/install/ament_clang_tidy:/home/henri/ros2_humble/install/ament_clang_format /usr/bin/cmake --install /home/henri/ROS2-predator-prey/ros2_ws/build/thymio_description
[1.567s] Level 1:colcon.colcon_core.environment:create_environment_scripts_only(thymio_description)
[1.569s] DEBUG:colcon.colcon_core.event_handler.log_command:Invoked command in '/home/henri/ROS2-predator-prey/ros2_ws/build/thymio_description' returned '0': CMAKE_PREFIX_PATH=${CMAKE_PREFIX_PATH}:/home/henri/ROS2-predator-prey/ros2_ws/install/launch_gazebo:/opt/ros/humble:/home/henri/ros2_humble/install/rqt_bag_plugins:/home/henri/ros2_humble/install/rqt_bag:/home/henri/ros2_humble/install/ros2bag:/home/henri/ros2_humble/install/tracetools_test:/home/henri/ros2_humble/install/tracetools_launch:/home/henri/ros2_humble/install/topic_monitor:/home/henri/ros2_humble/install/tf2_tools:/home/henri/ros2_humble/install/examples_tf2_py:/home/henri/ros2_humble/install/tf2_ros_py:/home/henri/ros2_humble/install/sros2:/home/henri/ros2_humble/install/rqt_topic:/home/henri/ros2_humble/install/rqt_srv:/home/henri/ros2_humble/install/rqt_shell:/home/henri/ros2_humble/install/rqt_service_caller:/home/henri/ros2_humble/install/rqt_reconfigure:/home/henri/ros2_humble/install/rqt_py_console:/home/henri/ros2_humble/install/rqt_publisher:/home/henri/ros2_humble/install/rqt_plot:/home/henri/ros2_humble/install/rqt_action:/home/henri/ros2_humble/install/rqt_msg:/home/henri/ros2_humble/install/rqt_console:/home/henri/ros2_humble/install/rqt:/home/henri/ros2_humble/install/rqt_graph:/home/henri/ros2_humble/install/rqt_gui_py:/home/henri/ros2_humble/install/rqt_gui:/home/henri/ros2_humble/install/ros2trace:/home/henri/ros2_humble/install/ros2topic:/home/henri/ros2_humble/install/ros2test:/home/henri/ros2_humble/install/ros2component:/home/henri/ros2_humble/install/ros2param:/home/henri/ros2_humble/install/ros2lifecycle:/home/henri/ros2_humble/install/ros2service:/home/henri/ros2_humble/install/ros2run:/home/henri/ros2_humble/install/ros2launch:/home/henri/ros2_humble/install/ros2pkg:/home/henri/ros2_humble/install/ros2node:/home/henri/ros2_humble/install/ros2multicast:/home/henri/ros2_humble/install/ros2interface:/home/henri/ros2_humble/install/ros2doctor:/home/henri/ros2_humble/install/ros2action:/home/henri/ros2_humble/install/ros2cli:/home/henri/ros2_humble/install/quality_of_service_demo_py:/home/henri/ros2_humble/install/lifecycle_py:/home/henri/ros2_humble/install/launch_testing_ros:/home/henri/ros2_humble/install/launch_ros:/home/henri/ros2_humble/install/examples_rclpy_pointcloud_publisher:/home/henri/ros2_humble/install/examples_rclpy_minimal_subscriber:/home/henri/ros2_humble/install/examples_rclpy_minimal_service:/home/henri/ros2_humble/install/examples_rclpy_minimal_publisher:/home/henri/ros2_humble/install/examples_rclpy_minimal_client:/home/henri/ros2_humble/install/examples_rclpy_minimal_action_server:/home/henri/ros2_humble/install/examples_rclpy_minimal_action_client:/home/henri/ros2_humble/install/examples_rclpy_guard_conditions:/home/henri/ros2_humble/install/examples_rclpy_executors:/home/henri/ros2_humble/install/demo_nodes_py:/home/henri/ros2_humble/install/action_tutorials_py:/home/henri/ros2_humble/install/ament_uncrustify:/home/henri/ros2_humble/install/tracetools_trace:/home/henri/ros2_humble/install/tracetools_read:/home/henri/ros2_humble/install/test_tracetools_launch:/home/henri/ros2_humble/install/test_launch_ros:/home/henri/ros2_humble/install/sensor_msgs_py:/home/henri/ros2_humble/install/rpyutils:/home/henri/ros2_humble/install/rosidl_runtime_py:/home/henri/ros2_humble/install/rosidl_cli:/home/henri/ros2_humble/install/launch_pytest:/home/henri/ros2_humble/install/launch_testing:/home/henri/ros2_humble/install/launch_yaml:/home/henri/ros2_humble/install/launch_xml:/home/henri/ros2_humble/install/launch:/home/henri/ros2_humble/install/osrf_pycommon:/home/henri/ros2_humble/install/launch_testing_examples:/home/henri/ros2_humble/install/domain_coordinator:/home/henri/ros2_humble/install/ament_xmllint:/home/henri/ros2_humble/install/ament_pyflakes:/home/henri/ros2_humble/install/ament_pycodestyle:/home/henri/ros2_humble/install/ament_pep257:/home/henri/ros2_humble/install/ament_pclint:/home/henri/ros2_humble/install/ament_package:/home/henri/ros2_humble/install/ament_mypy:/home/henri/ros2_humble/install/ament_lint_cmake:/home/henri/ros2_humble/install/ament_flake8:/home/henri/ros2_humble/install/ament_copyright:/home/henri/ros2_humble/install/ament_lint:/home/henri/ros2_humble/install/ament_index_python:/home/henri/ros2_humble/install/ament_cpplint:/home/henri/ros2_humble/install/ament_cppcheck:/home/henri/ros2_humble/install/ament_clang_tidy:/home/henri/ros2_humble/install/ament_clang_format /usr/bin/cmake --install /home/henri/ROS2-predator-prey/ros2_ws/build/thymio_description
[1.581s] Level 1:colcon.colcon_core.environment:checking '/home/henri/ROS2-predator-prey/ros2_ws/install/thymio_description' for CMake module files
[1.581s] Level 1:colcon.colcon_core.environment:checking '/home/henri/ROS2-predator-prey/ros2_ws/install/thymio_description' for CMake config files
[1.582s] Level 1:colcon.colcon_core.shell:create_environment_hook('thymio_description', 'cmake_prefix_path')
[1.583s] INFO:colcon.colcon_core.shell:Creating environment hook '/home/henri/ROS2-predator-prey/ros2_ws/install/thymio_description/share/thymio_description/hook/cmake_prefix_path.ps1'
[1.584s] INFO:colcon.colcon_core.shell:Creating environment descriptor '/home/henri/ROS2-predator-prey/ros2_ws/install/thymio_description/share/thymio_description/hook/cmake_prefix_path.dsv'
[1.584s] INFO:colcon.colcon_core.shell:Creating environment hook '/home/henri/ROS2-predator-prey/ros2_ws/install/thymio_description/share/thymio_description/hook/cmake_prefix_path.sh'
[1.585s] Level 1:colcon.colcon_core.environment:checking '/home/henri/ROS2-predator-prey/ros2_ws/install/thymio_description/bin'
[1.585s] Level 1:colcon.colcon_core.environment:checking '/home/henri/ROS2-predator-prey/ros2_ws/install/thymio_description/lib/pkgconfig/thymio_description.pc'
[1.585s] Level 1:colcon.colcon_core.environment:checking '/home/henri/ROS2-predator-prey/ros2_ws/install/thymio_description/lib/python3.10/site-packages'
[1.585s] Level 1:colcon.colcon_core.environment:checking '/home/henri/ROS2-predator-prey/ros2_ws/install/thymio_description/bin'
[1.587s] INFO:colcon.colcon_core.shell:Creating package script '/home/henri/ROS2-predator-prey/ros2_ws/install/thymio_description/share/thymio_description/package.ps1'
[1.587s] INFO:colcon.colcon_core.shell:Creating package descriptor '/home/henri/ROS2-predator-prey/ros2_ws/install/thymio_description/share/thymio_description/package.dsv'
[1.588s] INFO:colcon.colcon_core.shell:Creating package script '/home/henri/ROS2-predator-prey/ros2_ws/install/thymio_description/share/thymio_description/package.sh'
[1.588s] INFO:colcon.colcon_core.shell:Creating package script '/home/henri/ROS2-predator-prey/ros2_ws/install/thymio_description/share/thymio_description/package.bash'
[1.589s] INFO:colcon.colcon_core.shell:Creating package script '/home/henri/ROS2-predator-prey/ros2_ws/install/thymio_description/share/thymio_description/package.zsh'
[1.589s] Level 1:colcon.colcon_core.environment:create_file_with_runtime_dependencies(/home/henri/ROS2-predator-prey/ros2_ws/install/thymio_description/share/colcon-core/packages/thymio_description)
[1.676s] Level 1:colcon.colcon_core.environment:create_environment_scripts_only(thymio_description)
[1.680s] Level 1:colcon.colcon_core.environment:checking '/home/henri/ROS2-predator-prey/ros2_ws/install/thymio_description' for CMake module files
[1.680s] Level 1:colcon.colcon_core.environment:checking '/home/henri/ROS2-predator-prey/ros2_ws/install/thymio_description' for CMake config files
[1.680s] Level 1:colcon.colcon_core.shell:create_environment_hook('thymio_description', 'cmake_prefix_path')
[1.682s] INFO:colcon.colcon_core.shell:Creating environment hook '/home/henri/ROS2-predator-prey/ros2_ws/install/thymio_description/share/thymio_description/hook/cmake_prefix_path.ps1'
[1.683s] INFO:colcon.colcon_core.shell:Creating environment descriptor '/home/henri/ROS2-predator-prey/ros2_ws/install/thymio_description/share/thymio_description/hook/cmake_prefix_path.dsv'
[1.683s] INFO:colcon.colcon_core.shell:Creating environment hook '/home/henri/ROS2-predator-prey/ros2_ws/install/thymio_description/share/thymio_description/hook/cmake_prefix_path.sh'
[1.684s] Level 1:colcon.colcon_core.environment:checking '/home/henri/ROS2-predator-prey/ros2_ws/install/thymio_description/bin'
[1.684s] Level 1:colcon.colcon_core.environment:checking '/home/henri/ROS2-predator-prey/ros2_ws/install/thymio_description/lib/pkgconfig/thymio_description.pc'
[1.684s] Level 1:colcon.colcon_core.environment:checking '/home/henri/ROS2-predator-prey/ros2_ws/install/thymio_description/lib/python3.10/site-packages'
[1.684s] Level 1:colcon.colcon_core.environment:checking '/home/henri/ROS2-predator-prey/ros2_ws/install/thymio_description/bin'
[1.686s] INFO:colcon.colcon_core.shell:Creating package script '/home/henri/ROS2-predator-prey/ros2_ws/install/thymio_description/share/thymio_description/package.ps1'
[1.687s] INFO:colcon.colcon_core.shell:Creating package descriptor '/home/henri/ROS2-predator-prey/ros2_ws/install/thymio_description/share/thymio_description/package.dsv'
[1.687s] INFO:colcon.colcon_core.shell:Creating package script '/home/henri/ROS2-predator-prey/ros2_ws/install/thymio_description/share/thymio_description/package.sh'
[1.687s] INFO:colcon.colcon_core.shell:Creating package script '/home/henri/ROS2-predator-prey/ros2_ws/install/thymio_description/share/thymio_description/package.bash'
[1.688s] INFO:colcon.colcon_core.shell:Creating package script '/home/henri/ROS2-predator-prey/ros2_ws/install/thymio_description/share/thymio_description/package.zsh'
[1.688s] Level 1:colcon.colcon_core.environment:create_file_with_runtime_dependencies(/home/henri/ROS2-predator-prey/ros2_ws/install/thymio_description/share/colcon-core/packages/thymio_description)
[1.962s] DEBUG:colcon.colcon_core.event_handler.log_command:Invoking command in '/home/henri/ROS2-predator-prey/ros2_ws/build/launch_gazebo': PYTHONPATH=/home/henri/ROS2-predator-prey/ros2_ws/build/launch_gazebo/prefix_override:/home/henri/ROS2-predator-prey/ros2_ws/install/launch_gazebo/lib/python3.10/site-packages:${PYTHONPATH} /usr/bin/python3 setup.py develop --editable --build-directory /home/henri/ROS2-predator-prey/ros2_ws/build/launch_gazebo/build --no-deps install_data
[2.803s] Level 1:colcon.colcon_core.shell:create_environment_hook('launch_gazebo', 'pythonpath_develop')
[2.805s] INFO:colcon.colcon_core.shell:Creating environment hook '/home/henri/ROS2-predator-prey/ros2_ws/build/launch_gazebo/share/launch_gazebo/hook/pythonpath_develop.ps1'
[2.806s] DEBUG:colcon.colcon_core.event_handler.log_command:Invoked command in '/home/henri/ROS2-predator-prey/ros2_ws/build/launch_gazebo' returned '0': PYTHONPATH=/home/henri/ROS2-predator-prey/ros2_ws/build/launch_gazebo/prefix_override:/home/henri/ROS2-predator-prey/ros2_ws/install/launch_gazebo/lib/python3.10/site-packages:${PYTHONPATH} /usr/bin/python3 setup.py develop --editable --build-directory /home/henri/ROS2-predator-prey/ros2_ws/build/launch_gazebo/build --no-deps install_data
[2.806s] INFO:colcon.colcon_core.shell:Creating environment descriptor '/home/henri/ROS2-predator-prey/ros2_ws/build/launch_gazebo/share/launch_gazebo/hook/pythonpath_develop.dsv'
[2.807s] INFO:colcon.colcon_core.shell:Creating environment hook '/home/henri/ROS2-predator-prey/ros2_ws/build/launch_gazebo/share/launch_gazebo/hook/pythonpath_develop.sh'
[2.810s] Level 1:colcon.colcon_core.environment:checking '/home/henri/ROS2-predator-prey/ros2_ws/install/launch_gazebo' for CMake module files
[2.810s] Level 1:colcon.colcon_core.environment:checking '/home/henri/ROS2-predator-prey/ros2_ws/install/launch_gazebo' for CMake config files
[2.811s] Level 1:colcon.colcon_core.environment:checking '/home/henri/ROS2-predator-prey/ros2_ws/install/launch_gazebo/lib'
[2.811s] Level 1:colcon.colcon_core.environment:checking '/home/henri/ROS2-predator-prey/ros2_ws/install/launch_gazebo/bin'
[2.811s] Level 1:colcon.colcon_core.environment:checking '/home/henri/ROS2-predator-prey/ros2_ws/install/launch_gazebo/lib/pkgconfig/launch_gazebo.pc'
[2.811s] Level 1:colcon.colcon_core.environment:checking '/home/henri/ROS2-predator-prey/ros2_ws/install/launch_gazebo/lib/python3.10/site-packages'
[2.811s] Level 1:colcon.colcon_core.shell:create_environment_hook('launch_gazebo', 'pythonpath')
[2.813s] INFO:colcon.colcon_core.shell:Creating environment hook '/home/henri/ROS2-predator-prey/ros2_ws/install/launch_gazebo/share/launch_gazebo/hook/pythonpath.ps1'
[2.814s] INFO:colcon.colcon_core.shell:Creating environment descriptor '/home/henri/ROS2-predator-prey/ros2_ws/install/launch_gazebo/share/launch_gazebo/hook/pythonpath.dsv'
[2.814s] INFO:colcon.colcon_core.shell:Creating environment hook '/home/henri/ROS2-predator-prey/ros2_ws/install/launch_gazebo/share/launch_gazebo/hook/pythonpath.sh'
[2.815s] Level 1:colcon.colcon_core.environment:checking '/home/henri/ROS2-predator-prey/ros2_ws/install/launch_gazebo/bin'
[2.815s] Level 1:colcon.colcon_core.environment:create_environment_scripts_only(launch_gazebo)
[2.817s] INFO:colcon.colcon_core.shell:Creating package script '/home/henri/ROS2-predator-prey/ros2_ws/install/launch_gazebo/share/launch_gazebo/package.ps1'
[2.817s] INFO:colcon.colcon_core.shell:Creating package descriptor '/home/henri/ROS2-predator-prey/ros2_ws/install/launch_gazebo/share/launch_gazebo/package.dsv'
[2.818s] INFO:colcon.colcon_core.shell:Creating package script '/home/henri/ROS2-predator-prey/ros2_ws/install/launch_gazebo/share/launch_gazebo/package.sh'
[2.818s] INFO:colcon.colcon_core.shell:Creating package script '/home/henri/ROS2-predator-prey/ros2_ws/install/launch_gazebo/share/launch_gazebo/package.bash'
[2.819s] INFO:colcon.colcon_core.shell:Creating package script '/home/henri/ROS2-predator-prey/ros2_ws/install/launch_gazebo/share/launch_gazebo/package.zsh'
[2.819s] Level 1:colcon.colcon_core.environment:create_file_with_runtime_dependencies(/home/henri/ROS2-predator-prey/ros2_ws/install/launch_gazebo/share/colcon-core/packages/launch_gazebo)
[2.819s] DEBUG:colcon.colcon_parallel_executor.executor.parallel:closing loop
[2.820s] DEBUG:colcon.colcon_parallel_executor.executor.parallel:loop closed
[2.820s] DEBUG:colcon.colcon_parallel_executor.executor.parallel:run_until_complete finished with '0'
[2.820s] DEBUG:colcon.colcon_core.event_reactor:joining thread
[2.832s] INFO:colcon.colcon_core.plugin_system:Skipping extension 'colcon_notification.desktop_notification.terminal_notifier': Not used on non-Darwin systems
[2.832s] INFO:colcon.colcon_core.plugin_system:Skipping extension 'colcon_notification.desktop_notification.win32': Not used on non-Windows systems
[2.832s] INFO:colcon.colcon_notification.desktop_notification:Sending desktop notification using 'notify2'
[2.842s] DEBUG:colcon.colcon_core.event_reactor:joined thread
[2.845s] INFO:colcon.colcon_core.shell:Creating prefix script '/home/henri/ROS2-predator-prey/ros2_ws/install/local_setup.ps1'
[2.846s] INFO:colcon.colcon_core.shell:Creating prefix util module '/home/henri/ROS2-predator-prey/ros2_ws/install/_local_setup_util_ps1.py'
[2.847s] INFO:colcon.colcon_core.shell:Creating prefix chain script '/home/henri/ROS2-predator-prey/ros2_ws/install/setup.ps1'
[2.863s] INFO:colcon.colcon_core.shell:Creating prefix script '/home/henri/ROS2-predator-prey/ros2_ws/install/local_setup.sh'
[2.864s] INFO:colcon.colcon_core.shell:Creating prefix util module '/home/henri/ROS2-predator-prey/ros2_ws/install/_local_setup_util_sh.py'
[2.865s] INFO:colcon.colcon_core.shell:Creating prefix chain script '/home/henri/ROS2-predator-prey/ros2_ws/install/setup.sh'
[2.882s] INFO:colcon.colcon_core.shell:Creating prefix script '/home/henri/ROS2-predator-prey/ros2_ws/install/local_setup.bash'
[2.883s] INFO:colcon.colcon_core.shell:Creating prefix chain script '/home/henri/ROS2-predator-prey/ros2_ws/install/setup.bash'
[2.898s] INFO:colcon.colcon_core.shell:Creating prefix script '/home/henri/ROS2-predator-prey/ros2_ws/install/local_setup.zsh'
[2.898s] INFO:colcon.colcon_core.shell:Creating prefix chain script '/home/henri/ROS2-predator-prey/ros2_ws/install/setup.zsh'
