[2.109s] Invoking command in '/home/henri/ROS2-predator-prey/ros2_ws/build/launch_gazebo': PYTHONPATH=/home/henri/ROS2-predator-prey/ros2_ws/build/launch_gazebo/prefix_override:/home/henri/ROS2-predator-prey/ros2_ws/install/launch_gazebo/lib/python3.10/site-packages:${PYTHONPATH} /usr/bin/python3 setup.py develop --editable --build-directory /home/henri/ROS2-predator-prey/ros2_ws/build/launch_gazebo/build --no-deps install_data
[2.874s] running develop
[2.888s] /usr/lib/python3/dist-packages/setuptools/command/easy_install.py:158: EasyInstallDeprecationWarning: easy_install command is deprecated. Use build and pip and other standards-based tools.
[2.888s]   warnings.warn(
[2.891s] /usr/lib/python3/dist-packages/setuptools/command/install.py:34: SetuptoolsDeprecationWarning: setup.py install is deprecated. Use build and pip and other standards-based tools.
[2.891s]   warnings.warn(
[3.081s] /usr/lib/python3/dist-packages/pkg_resources/__init__.py:116: PkgResourcesDeprecationWarning: 1.16.0-unknown is an invalid version and will not be supported in a future release
[3.081s]   warnings.warn(
[3.082s] /usr/lib/python3/dist-packages/pkg_resources/__init__.py:116: PkgResourcesDeprecationWarning: 0.1.43ubuntu1 is an invalid version and will not be supported in a future release
[3.082s]   warnings.warn(
[3.082s] /usr/lib/python3/dist-packages/pkg_resources/__init__.py:116: PkgResourcesDeprecationWarning: 1.1build1 is an invalid version and will not be supported in a future release
[3.082s]   warnings.warn(
[3.425s] running egg_info
[3.425s] writing launch_gazebo.egg-info/PKG-INFO
[3.426s] writing dependency_links to launch_gazebo.egg-info/dependency_links.txt
[3.426s] writing entry points to launch_gazebo.egg-info/entry_points.txt
[3.426s] writing requirements to launch_gazebo.egg-info/requires.txt
[3.426s] writing top-level names to launch_gazebo.egg-info/top_level.txt
[3.428s] reading manifest file 'launch_gazebo.egg-info/SOURCES.txt'
[3.429s] writing manifest file 'launch_gazebo.egg-info/SOURCES.txt'
[3.437s] running build_ext
[3.438s] Creating /home/henri/ROS2-predator-prey/ros2_ws/install/launch_gazebo/lib/python3.10/site-packages/launch-gazebo.egg-link (link to .)
[3.439s] Installing spawn_robot script to /home/henri/ROS2-predator-prey/ros2_ws/install/launch_gazebo/lib/launch_gazebo
[3.439s] 
[3.439s] Installed /home/henri/ROS2-predator-prey/ros2_ws/build/launch_gazebo
[3.439s] running install_data
[3.439s] copying launch/launch_sim.py -> /home/henri/ROS2-predator-prey/ros2_ws/install/launch_gazebo/share/launch_gazebo/launch
[3.440s] copying objects/4x4.sdf -> /home/henri/ROS2-predator-prey/ros2_ws/install/launch_gazebo/share/launch_gazebo/objects
[3.482s] Invoked command in '/home/henri/ROS2-predator-prey/ros2_ws/build/launch_gazebo' returned '0': PYTHONPATH=/home/henri/ROS2-predator-prey/ros2_ws/build/launch_gazebo/prefix_override:/home/henri/ROS2-predator-prey/ros2_ws/install/launch_gazebo/lib/python3.10/site-packages:${PYTHONPATH} /usr/bin/python3 setup.py develop --editable --build-directory /home/henri/ROS2-predator-prey/ros2_ws/build/launch_gazebo/build --no-deps install_data
