running develop
running egg_info
writing ../../build/launch_gazebo/launch_gazebo.egg-info/PKG-INFO
writing dependency_links to ../../build/launch_gazebo/launch_gazebo.egg-info/dependency_links.txt
writing entry points to ../../build/launch_gazebo/launch_gazebo.egg-info/entry_points.txt
writing requirements to ../../build/launch_gazebo/launch_gazebo.egg-info/requires.txt
writing top-level names to ../../build/launch_gazebo/launch_gazebo.egg-info/top_level.txt
reading manifest file '../../build/launch_gazebo/launch_gazebo.egg-info/SOURCES.txt'
writing manifest file '../../build/launch_gazebo/launch_gazebo.egg-info/SOURCES.txt'
running build
running build_py
running install
running install_lib
running install_data
copying worlds/4x4.world -> /home/henri/project/ROS2-predator-prey/ros2_ws/install/launch_gazebo/share/launch_gazebo/worlds
running install_egg_info
removing '/home/henri/project/ROS2-predator-prey/ros2_ws/install/launch_gazebo/lib/python3.10/site-packages/launch_gazebo-0.0.0-py3.10.egg-info' (and everything under it)
Copying ../../build/launch_gazebo/launch_gazebo.egg-info to /home/henri/project/ROS2-predator-prey/ros2_ws/install/launch_gazebo/lib/python3.10/site-packages/launch_gazebo-0.0.0-py3.10.egg-info
running install_scripts
Installing spawn_robot script to /home/henri/project/ROS2-predator-prey/ros2_ws/install/launch_gazebo/lib/launch_gazebo
writing list of installed files to '/home/henri/project/ROS2-predator-prey/ros2_ws/build/launch_gazebo/install.log'
