[2.829s] Invoking command in '/home/henri/project/ROS2-predator-prey/ros2_ws/build/launch_gazebo': PYTHONPATH=/home/henri/project/ROS2-predator-prey/ros2_ws/build/launch_gazebo/prefix_override:/home/henri/project/ROS2-predator-prey/ros2_ws/install/launch_gazebo/lib/python3.10/site-packages:${PYTHONPATH} /usr/bin/python3 setup.py develop --uninstall --editable --build-directory /home/henri/project/ROS2-predator-prey/ros2_ws/build/launch_gazebo/build
[3.490s] running develop
[3.507s] /usr/lib/python3/dist-packages/setuptools/command/easy_install.py:158: EasyInstallDeprecationWarning: easy_install command is deprecated. Use build and pip and other standards-based tools.
[3.507s]   warnings.warn(
[3.508s] /usr/lib/python3/dist-packages/setuptools/command/install.py:34: SetuptoolsDeprecationWarning: setup.py install is deprecated. Use build and pip and other standards-based tools.
[3.508s]   warnings.warn(
[3.657s] /usr/lib/python3/dist-packages/pkg_resources/__init__.py:116: PkgResourcesDeprecationWarning: 1.16.0-unknown is an invalid version and will not be supported in a future release
[3.657s]   warnings.warn(
[3.657s] /usr/lib/python3/dist-packages/pkg_resources/__init__.py:116: PkgResourcesDeprecationWarning: 0.1.43ubuntu1 is an invalid version and will not be supported in a future release
[3.657s]   warnings.warn(
[3.657s] /usr/lib/python3/dist-packages/pkg_resources/__init__.py:116: PkgResourcesDeprecationWarning: 1.1build1 is an invalid version and will not be supported in a future release
[3.657s]   warnings.warn(
[3.940s] Invoked command in '/home/henri/project/ROS2-predator-prey/ros2_ws/build/launch_gazebo' returned '0': PYTHONPATH=/home/henri/project/ROS2-predator-prey/ros2_ws/build/launch_gazebo/prefix_override:/home/henri/project/ROS2-predator-prey/ros2_ws/install/launch_gazebo/lib/python3.10/site-packages:${PYTHONPATH} /usr/bin/python3 setup.py develop --uninstall --editable --build-directory /home/henri/project/ROS2-predator-prey/ros2_ws/build/launch_gazebo/build
[3.942s] Invoking command in '/home/henri/project/ROS2-predator-prey/ros2_ws/src/launch_gazebo': PYTHONPATH=/home/henri/project/ROS2-predator-prey/ros2_ws/build/launch_gazebo/prefix_override:/home/henri/project/ROS2-predator-prey/ros2_ws/install/launch_gazebo/lib/python3.10/site-packages:${PYTHONPATH} /usr/bin/python3 setup.py egg_info --egg-base ../../build/launch_gazebo build --build-base /home/henri/project/ROS2-predator-prey/ros2_ws/build/launch_gazebo/build install --record /home/henri/project/ROS2-predator-prey/ros2_ws/build/launch_gazebo/install.log --single-version-externally-managed
[4.549s] running egg_info
[4.550s] writing ../../build/launch_gazebo/launch_gazebo.egg-info/PKG-INFO
[4.550s] writing dependency_links to ../../build/launch_gazebo/launch_gazebo.egg-info/dependency_links.txt
[4.550s] writing entry points to ../../build/launch_gazebo/launch_gazebo.egg-info/entry_points.txt
[4.551s] writing requirements to ../../build/launch_gazebo/launch_gazebo.egg-info/requires.txt
[4.551s] writing top-level names to ../../build/launch_gazebo/launch_gazebo.egg-info/top_level.txt
[4.553s] reading manifest file '../../build/launch_gazebo/launch_gazebo.egg-info/SOURCES.txt'
[4.565s] writing manifest file '../../build/launch_gazebo/launch_gazebo.egg-info/SOURCES.txt'
[4.565s] running build
[4.565s] running build_py
[4.565s] running install
[4.565s] /usr/lib/python3/dist-packages/setuptools/command/install.py:34: SetuptoolsDeprecationWarning: setup.py install is deprecated. Use build and pip and other standards-based tools.
[4.565s]   warnings.warn(
[4.566s] running install_lib
[4.569s] running install_data
[4.570s] copying worlds/4x4.world -> /home/henri/project/ROS2-predator-prey/ros2_ws/install/launch_gazebo/share/launch_gazebo/worlds
[4.570s] running install_egg_info
[4.573s] removing '/home/henri/project/ROS2-predator-prey/ros2_ws/install/launch_gazebo/lib/python3.10/site-packages/launch_gazebo-0.0.0-py3.10.egg-info' (and everything under it)
[4.574s] Copying ../../build/launch_gazebo/launch_gazebo.egg-info to /home/henri/project/ROS2-predator-prey/ros2_ws/install/launch_gazebo/lib/python3.10/site-packages/launch_gazebo-0.0.0-py3.10.egg-info
[4.575s] running install_scripts
[4.618s] Installing spawn_robot script to /home/henri/project/ROS2-predator-prey/ros2_ws/install/launch_gazebo/lib/launch_gazebo
[4.618s] writing list of installed files to '/home/henri/project/ROS2-predator-prey/ros2_ws/build/launch_gazebo/install.log'
[4.645s] Invoked command in '/home/henri/project/ROS2-predator-prey/ros2_ws/src/launch_gazebo' returned '0': PYTHONPATH=/home/henri/project/ROS2-predator-prey/ros2_ws/build/launch_gazebo/prefix_override:/home/henri/project/ROS2-predator-prey/ros2_ws/install/launch_gazebo/lib/python3.10/site-packages:${PYTHONPATH} /usr/bin/python3 setup.py egg_info --egg-base ../../build/launch_gazebo build --build-base /home/henri/project/ROS2-predator-prey/ros2_ws/build/launch_gazebo/build install --record /home/henri/project/ROS2-predator-prey/ros2_ws/build/launch_gazebo/install.log --single-version-externally-managed
