[2.337s] Invoking command in '/home/henri/project/ROS2-predator-prey/ros2_ws/build/launch_gazebo': PYTHONPATH=/home/henri/project/ROS2-predator-prey/ros2_ws/build/launch_gazebo/prefix_override:/home/henri/project/ROS2-predator-prey/ros2_ws/install/launch_gazebo/lib/python3.10/site-packages:${PYTHONPATH} /usr/bin/python3 setup.py develop --editable --build-directory /home/henri/project/ROS2-predator-prey/ros2_ws/build/launch_gazebo/build --no-deps install_data
[3.130s] running develop
[3.130s] /usr/lib/python3/dist-packages/setuptools/command/easy_install.py:158: EasyInstallDeprecationWarning: easy_install command is deprecated. Use build and pip and other standards-based tools.
[3.130s]   warnings.warn(
[3.133s] /usr/lib/python3/dist-packages/setuptools/command/install.py:34: SetuptoolsDeprecationWarning: setup.py install is deprecated. Use build and pip and other standards-based tools.
[3.133s]   warnings.warn(
[3.314s] /usr/lib/python3/dist-packages/pkg_resources/__init__.py:116: PkgResourcesDeprecationWarning: 1.16.0-unknown is an invalid version and will not be supported in a future release
[3.315s]   warnings.warn(
[3.315s] /usr/lib/python3/dist-packages/pkg_resources/__init__.py:116: PkgResourcesDeprecationWarning: 0.1.43ubuntu1 is an invalid version and will not be supported in a future release
[3.315s]   warnings.warn(
[3.315s] /usr/lib/python3/dist-packages/pkg_resources/__init__.py:116: PkgResourcesDeprecationWarning: 1.1build1 is an invalid version and will not be supported in a future release
[3.315s]   warnings.warn(
[3.625s] running egg_info
[3.625s] writing launch_gazebo.egg-info/PKG-INFO
[3.625s] writing dependency_links to launch_gazebo.egg-info/dependency_links.txt
[3.625s] writing entry points to launch_gazebo.egg-info/entry_points.txt
[3.625s] writing requirements to launch_gazebo.egg-info/requires.txt
[3.626s] writing top-level names to launch_gazebo.egg-info/top_level.txt
[3.628s] reading manifest file 'launch_gazebo.egg-info/SOURCES.txt'
[3.629s] writing manifest file 'launch_gazebo.egg-info/SOURCES.txt'
[3.638s] running build_ext
[3.639s] Creating /home/henri/project/ROS2-predator-prey/ros2_ws/install/launch_gazebo/lib/python3.10/site-packages/launch-gazebo.egg-link (link to .)
[3.640s] Installing spawn_robot script to /home/henri/project/ROS2-predator-prey/ros2_ws/install/launch_gazebo/lib/launch_gazebo
[3.640s] 
[3.640s] Installed /home/henri/project/ROS2-predator-prey/ros2_ws/build/launch_gazebo
[3.640s] running install_data
[3.640s] copying objects/turtlebot4.sdf -> /home/henri/project/ROS2-predator-prey/ros2_ws/install/launch_gazebo/share/launch_gazebo/objects
[3.690s] Invoked command in '/home/henri/project/ROS2-predator-prey/ros2_ws/build/launch_gazebo' returned '0': PYTHONPATH=/home/henri/project/ROS2-predator-prey/ros2_ws/build/launch_gazebo/prefix_override:/home/henri/project/ROS2-predator-prey/ros2_ws/install/launch_gazebo/lib/python3.10/site-packages:${PYTHONPATH} /usr/bin/python3 setup.py develop --editable --build-directory /home/henri/project/ROS2-predator-prey/ros2_ws/build/launch_gazebo/build --no-deps install_data
