[1.624s] Invoking command in '/home/henri/ROS2-predator-prey/ros2_ws/build/launch_gazebo': PYTHONPATH=/home/henri/ROS2-predator-prey/ros2_ws/build/launch_gazebo/prefix_override:/home/henri/ROS2-predator-prey/ros2_ws/install/launch_gazebo/lib/python3.10/site-packages:${PYTHONPATH} /usr/bin/python3 setup.py develop --editable --build-directory /home/henri/ROS2-predator-prey/ros2_ws/build/launch_gazebo/build --no-deps install_data
[2.288s] running develop
[2.289s] /usr/lib/python3/dist-packages/setuptools/command/easy_install.py:158: EasyInstallDeprecationWarning: easy_install command is deprecated. Use build and pip and other standards-based tools.
[2.289s]   warnings.warn(
[2.290s] /usr/lib/python3/dist-packages/setuptools/command/install.py:34: SetuptoolsDeprecationWarning: setup.py install is deprecated. Use build and pip and other standards-based tools.
[2.290s]   warnings.warn(
[2.424s] /usr/lib/python3/dist-packages/pkg_resources/__init__.py:116: PkgResourcesDeprecationWarning: 1.16.0-unknown is an invalid version and will not be supported in a future release
[2.424s]   warnings.warn(
[2.424s] /usr/lib/python3/dist-packages/pkg_resources/__init__.py:116: PkgResourcesDeprecationWarning: 0.1.43ubuntu1 is an invalid version and will not be supported in a future release
[2.424s]   warnings.warn(
[2.425s] /usr/lib/python3/dist-packages/pkg_resources/__init__.py:116: PkgResourcesDeprecationWarning: 1.1build1 is an invalid version and will not be supported in a future release
[2.425s]   warnings.warn(
[2.700s] running egg_info
[2.701s] writing launch_gazebo.egg-info/PKG-INFO
[2.701s] writing dependency_links to launch_gazebo.egg-info/dependency_links.txt
[2.701s] writing entry points to launch_gazebo.egg-info/entry_points.txt
[2.701s] writing requirements to launch_gazebo.egg-info/requires.txt
[2.702s] writing top-level names to launch_gazebo.egg-info/top_level.txt
[2.704s] reading manifest file 'launch_gazebo.egg-info/SOURCES.txt'
[2.704s] writing manifest file 'launch_gazebo.egg-info/SOURCES.txt'
[2.709s] running build_ext
[2.710s] Creating /home/henri/ROS2-predator-prey/ros2_ws/install/launch_gazebo/lib/python3.10/site-packages/launch-gazebo.egg-link (link to .)
[2.710s] Installing spawn_robot script to /home/henri/ROS2-predator-prey/ros2_ws/install/launch_gazebo/lib/launch_gazebo
[2.711s] 
[2.711s] Installed /home/henri/ROS2-predator-prey/ros2_ws/build/launch_gazebo
[2.711s] running install_data
[2.711s] copying objects/robotWithCamera.sdf -> /home/henri/ROS2-predator-prey/ros2_ws/install/launch_gazebo/share/launch_gazebo/objects
[2.711s] copying objects/camera.sdf -> /home/henri/ROS2-predator-prey/ros2_ws/install/launch_gazebo/share/launch_gazebo/objects
[2.743s] Invoked command in '/home/henri/ROS2-predator-prey/ros2_ws/build/launch_gazebo' returned '0': PYTHONPATH=/home/henri/ROS2-predator-prey/ros2_ws/build/launch_gazebo/prefix_override:/home/henri/ROS2-predator-prey/ros2_ws/install/launch_gazebo/lib/python3.10/site-packages:${PYTHONPATH} /usr/bin/python3 setup.py develop --editable --build-directory /home/henri/ROS2-predator-prey/ros2_ws/build/launch_gazebo/build --no-deps install_data
