running develop
running egg_info
creating launch_gazebo.egg-info
writing launch_gazebo.egg-info/PKG-INFO
writing dependency_links to launch_gazebo.egg-info/dependency_links.txt
writing entry points to launch_gazebo.egg-info/entry_points.txt
writing requirements to launch_gazebo.egg-info/requires.txt
writing top-level names to launch_gazebo.egg-info/top_level.txt
writing manifest file 'launch_gazebo.egg-info/SOURCES.txt'
reading manifest file 'launch_gazebo.egg-info/SOURCES.txt'
writing manifest file 'launch_gazebo.egg-info/SOURCES.txt'
running build_ext
Creating /home/henri/ROS2-predator-prey/ros2_ws/install/launch_gazebo/lib/python3.10/site-packages/launch-gazebo.egg-link (link to .)
Installing spawn_robot script to /home/henri/ROS2-predator-prey/ros2_ws/install/launch_gazebo/lib/launch_gazebo

Installed /home/henri/ROS2-predator-prey/ros2_ws/build/launch_gazebo
running install_data
creating /home/henri/ROS2-predator-prey/ros2_ws/install/launch_gazebo/share/ament_index
creating /home/henri/ROS2-predator-prey/ros2_ws/install/launch_gazebo/share/ament_index/resource_index
creating /home/henri/ROS2-predator-prey/ros2_ws/install/launch_gazebo/share/ament_index/resource_index/packages
copying resource/launch_gazebo -> /home/henri/ROS2-predator-prey/ros2_ws/install/launch_gazebo/share/ament_index/resource_index/packages
copying package.xml -> /home/henri/ROS2-predator-prey/ros2_ws/install/launch_gazebo/share/launch_gazebo
copying launch_gazebo/spawn_robot.py -> /home/henri/ROS2-predator-prey/ros2_ws/install/launch_gazebo/share/launch_gazebo
creating /home/henri/ROS2-predator-prey/ros2_ws/install/launch_gazebo/share/launch_gazebo/launch
copying launch/launch_sim.py -> /home/henri/ROS2-predator-prey/ros2_ws/install/launch_gazebo/share/launch_gazebo/launch
creating /home/henri/ROS2-predator-prey/ros2_ws/install/launch_gazebo/share/launch_gazebo/worlds
copying worlds/4x4.world -> /home/henri/ROS2-predator-prey/ros2_ws/install/launch_gazebo/share/launch_gazebo/worlds
creating /home/henri/ROS2-predator-prey/ros2_ws/install/launch_gazebo/share/launch_gazebo/objects
copying objects/robotWithCamera.sdf -> /home/henri/ROS2-predator-prey/ros2_ws/install/launch_gazebo/share/launch_gazebo/objects
copying objects/camera.sdf -> /home/henri/ROS2-predator-prey/ros2_ws/install/launch_gazebo/share/launch_gazebo/objects
copying objects/testRobotWithCam.sdf -> /home/henri/ROS2-predator-prey/ros2_ws/install/launch_gazebo/share/launch_gazebo/objects
