[1.109s] Invoking command in '/home/henri/ROS2-predator-prey/ros2_ws/build/launch_gazebo': PYTHONPATH=/home/henri/ROS2-predator-prey/ros2_ws/build/launch_gazebo/prefix_override:/home/henri/ROS2-predator-prey/ros2_ws/install/launch_gazebo/lib/python3.10/site-packages:${PYTHONPATH} /usr/bin/python3 setup.py develop --editable --build-directory /home/henri/ROS2-predator-prey/ros2_ws/build/launch_gazebo/build --no-deps install_data
[1.596s] running develop
[1.596s] /usr/lib/python3/dist-packages/setuptools/command/easy_install.py:158: EasyInstallDeprecationWarning: easy_install command is deprecated. Use build and pip and other standards-based tools.
[1.596s]   warnings.warn(
[1.597s] /usr/lib/python3/dist-packages/setuptools/command/install.py:34: SetuptoolsDeprecationWarning: setup.py install is deprecated. Use build and pip and other standards-based tools.
[1.597s]   warnings.warn(
[1.722s] /usr/lib/python3/dist-packages/pkg_resources/__init__.py:116: PkgResourcesDeprecationWarning: 1.16.0-unknown is an invalid version and will not be supported in a future release
[1.722s]   warnings.warn(
[1.723s] /usr/lib/python3/dist-packages/pkg_resources/__init__.py:116: PkgResourcesDeprecationWarning: 0.1.43ubuntu1 is an invalid version and will not be supported in a future release
[1.723s]   warnings.warn(
[1.723s] /usr/lib/python3/dist-packages/pkg_resources/__init__.py:116: PkgResourcesDeprecationWarning: 1.1build1 is an invalid version and will not be supported in a future release
[1.723s]   warnings.warn(
[1.874s] running egg_info
[1.874s] creating launch_gazebo.egg-info
[1.874s] writing launch_gazebo.egg-info/PKG-INFO
[1.875s] writing dependency_links to launch_gazebo.egg-info/dependency_links.txt
[1.875s] writing entry points to launch_gazebo.egg-info/entry_points.txt
[1.875s] writing requirements to launch_gazebo.egg-info/requires.txt
[1.875s] writing top-level names to launch_gazebo.egg-info/top_level.txt
[1.875s] writing manifest file 'launch_gazebo.egg-info/SOURCES.txt'
[1.876s] reading manifest file 'launch_gazebo.egg-info/SOURCES.txt'
[1.877s] writing manifest file 'launch_gazebo.egg-info/SOURCES.txt'
[1.881s] running build_ext
[1.881s] Creating /home/henri/ROS2-predator-prey/ros2_ws/install/launch_gazebo/lib/python3.10/site-packages/launch-gazebo.egg-link (link to .)
[1.882s] Installing spawn_robot script to /home/henri/ROS2-predator-prey/ros2_ws/install/launch_gazebo/lib/launch_gazebo
[1.882s] 
[1.882s] Installed /home/henri/ROS2-predator-prey/ros2_ws/build/launch_gazebo
[1.882s] running install_data
[1.882s] creating /home/henri/ROS2-predator-prey/ros2_ws/install/launch_gazebo/share/ament_index
[1.882s] creating /home/henri/ROS2-predator-prey/ros2_ws/install/launch_gazebo/share/ament_index/resource_index
[1.883s] creating /home/henri/ROS2-predator-prey/ros2_ws/install/launch_gazebo/share/ament_index/resource_index/packages
[1.883s] copying resource/launch_gazebo -> /home/henri/ROS2-predator-prey/ros2_ws/install/launch_gazebo/share/ament_index/resource_index/packages
[1.883s] copying package.xml -> /home/henri/ROS2-predator-prey/ros2_ws/install/launch_gazebo/share/launch_gazebo
[1.883s] copying launch_gazebo/spawn_robot.py -> /home/henri/ROS2-predator-prey/ros2_ws/install/launch_gazebo/share/launch_gazebo
[1.883s] creating /home/henri/ROS2-predator-prey/ros2_ws/install/launch_gazebo/share/launch_gazebo/launch
[1.883s] copying launch/launch_sim.py -> /home/henri/ROS2-predator-prey/ros2_ws/install/launch_gazebo/share/launch_gazebo/launch
[1.883s] creating /home/henri/ROS2-predator-prey/ros2_ws/install/launch_gazebo/share/launch_gazebo/worlds
[1.883s] copying worlds/4x4.world -> /home/henri/ROS2-predator-prey/ros2_ws/install/launch_gazebo/share/launch_gazebo/worlds
[1.883s] creating /home/henri/ROS2-predator-prey/ros2_ws/install/launch_gazebo/share/launch_gazebo/objects
[1.883s] copying objects/robotWithCamera.sdf -> /home/henri/ROS2-predator-prey/ros2_ws/install/launch_gazebo/share/launch_gazebo/objects
[1.883s] copying objects/camera.sdf -> /home/henri/ROS2-predator-prey/ros2_ws/install/launch_gazebo/share/launch_gazebo/objects
[1.883s] copying objects/testRobotWithCam.sdf -> /home/henri/ROS2-predator-prey/ros2_ws/install/launch_gazebo/share/launch_gazebo/objects
[1.906s] Invoked command in '/home/henri/ROS2-predator-prey/ros2_ws/build/launch_gazebo' returned '0': PYTHONPATH=/home/henri/ROS2-predator-prey/ros2_ws/build/launch_gazebo/prefix_override:/home/henri/ROS2-predator-prey/ros2_ws/install/launch_gazebo/lib/python3.10/site-packages:${PYTHONPATH} /usr/bin/python3 setup.py develop --editable --build-directory /home/henri/ROS2-predator-prey/ros2_ws/build/launch_gazebo/build --no-deps install_data
