[0.698s] DEBUG:colcon:Command line arguments: ['/usr/bin/colcon', 'build']
[0.698s] DEBUG:colcon:Parsed command line arguments: Namespace(log_base=None, log_level=None, verb_name='build', build_base='build', install_base='install', merge_install=False, symlink_install=False, test_result_base=None, continue_on_error=False, executor='parallel', parallel_workers=8, event_handlers=None, ignore_user_meta=False, metas=['./colcon.meta'], base_paths=['.'], packages_ignore=None, packages_ignore_regex=None, paths=None, packages_up_to=None, packages_up_to_regex=None, packages_above=None, packages_above_and_dependencies=None, packages_above_depth=None, packages_select_by_dep=None, packages_skip_by_dep=None, packages_skip_up_to=None, packages_select_build_failed=False, packages_skip_build_finished=False, packages_select_test_failures=False, packages_skip_test_passed=False, packages_select=None, packages_skip=None, packages_select_regex=None, packages_skip_regex=None, packages_start=None, packages_end=None, allow_overriding=[], cmake_args=None, cmake_target=None, cmake_target_skip_unavailable=False, cmake_clean_cache=False, cmake_clean_first=False, cmake_force_configure=False, ament_cmake_args=None, catkin_cmake_args=None, catkin_skip_building_tests=False, verb_parser=<colcon_defaults.argument_parser.defaults.DefaultArgumentsDecorator object at 0x7f9c4a47c760>, verb_extension=<colcon_core.verb.build.BuildVerb object at 0x7f9c4ae6c6a0>, main=<bound method BuildVerb.main of <colcon_core.verb.build.BuildVerb object at 0x7f9c4ae6c6a0>>)
[0.763s] Level 1:colcon.colcon_core.package_discovery:discover_packages(colcon_meta) check parameters
[0.763s] Level 1:colcon.colcon_core.package_discovery:discover_packages(recursive) check parameters
[0.763s] Level 1:colcon.colcon_core.package_discovery:discover_packages(ignore) check parameters
[0.763s] Level 1:colcon.colcon_core.package_discovery:discover_packages(path) check parameters
[0.763s] Level 1:colcon.colcon_core.package_discovery:discover_packages(colcon_meta) discover
[0.763s] Level 1:colcon.colcon_core.package_discovery:discover_packages(recursive) discover
[0.763s] INFO:colcon.colcon_core.package_discovery:Crawling recursively for packages in '/home/henri/project/ROS2-predator-prey/ros2_ws'
[0.763s] Level 1:colcon.colcon_core.package_identification:_identify(.) by extensions ['ignore', 'ignore_ament_install']
[0.763s] Level 1:colcon.colcon_core.package_identification:_identify(.) by extension 'ignore'
[0.763s] Level 1:colcon.colcon_core.package_identification:_identify(.) by extension 'ignore_ament_install'
[0.763s] Level 1:colcon.colcon_core.package_identification:_identify(.) by extensions ['colcon_pkg']
[0.763s] Level 1:colcon.colcon_core.package_identification:_identify(.) by extension 'colcon_pkg'
[0.764s] Level 1:colcon.colcon_core.package_identification:_identify(.) by extensions ['colcon_meta']
[0.764s] Level 1:colcon.colcon_core.package_identification:_identify(.) by extension 'colcon_meta'
[0.764s] Level 1:colcon.colcon_core.package_identification:_identify(.) by extensions ['ros']
[0.764s] Level 1:colcon.colcon_core.package_identification:_identify(.) by extension 'ros'
[0.776s] Level 1:colcon.colcon_core.package_identification:_identify(.) by extensions ['cmake', 'python']
[0.776s] Level 1:colcon.colcon_core.package_identification:_identify(.) by extension 'cmake'
[0.776s] Level 1:colcon.colcon_core.package_identification:_identify(.) by extension 'python'
[0.776s] Level 1:colcon.colcon_core.package_identification:_identify(.) by extensions ['python_setup_py']
[0.776s] Level 1:colcon.colcon_core.package_identification:_identify(.) by extension 'python_setup_py'
[0.777s] Level 1:colcon.colcon_core.package_identification:_identify(build) by extensions ['ignore', 'ignore_ament_install']
[0.777s] Level 1:colcon.colcon_core.package_identification:_identify(build) by extension 'ignore'
[0.777s] Level 1:colcon.colcon_core.package_identification:_identify(build) ignored
[0.777s] Level 1:colcon.colcon_core.package_identification:_identify(install) by extensions ['ignore', 'ignore_ament_install']
[0.777s] Level 1:colcon.colcon_core.package_identification:_identify(install) by extension 'ignore'
[0.777s] Level 1:colcon.colcon_core.package_identification:_identify(install) ignored
[0.777s] Level 1:colcon.colcon_core.package_identification:_identify(log) by extensions ['ignore', 'ignore_ament_install']
[0.778s] Level 1:colcon.colcon_core.package_identification:_identify(log) by extension 'ignore'
[0.778s] Level 1:colcon.colcon_core.package_identification:_identify(log) ignored
[0.778s] Level 1:colcon.colcon_core.package_identification:_identify(src) by extensions ['ignore', 'ignore_ament_install']
[0.778s] Level 1:colcon.colcon_core.package_identification:_identify(src) by extension 'ignore'
[0.778s] Level 1:colcon.colcon_core.package_identification:_identify(src) by extension 'ignore_ament_install'
[0.778s] Level 1:colcon.colcon_core.package_identification:_identify(src) by extensions ['colcon_pkg']
[0.778s] Level 1:colcon.colcon_core.package_identification:_identify(src) by extension 'colcon_pkg'
[0.778s] Level 1:colcon.colcon_core.package_identification:_identify(src) by extensions ['colcon_meta']
[0.778s] Level 1:colcon.colcon_core.package_identification:_identify(src) by extension 'colcon_meta'
[0.778s] Level 1:colcon.colcon_core.package_identification:_identify(src) by extensions ['ros']
[0.778s] Level 1:colcon.colcon_core.package_identification:_identify(src) by extension 'ros'
[0.778s] Level 1:colcon.colcon_core.package_identification:_identify(src) by extensions ['cmake', 'python']
[0.778s] Level 1:colcon.colcon_core.package_identification:_identify(src) by extension 'cmake'
[0.778s] Level 1:colcon.colcon_core.package_identification:_identify(src) by extension 'python'
[0.778s] Level 1:colcon.colcon_core.package_identification:_identify(src) by extensions ['python_setup_py']
[0.778s] Level 1:colcon.colcon_core.package_identification:_identify(src) by extension 'python_setup_py'
[0.779s] Level 1:colcon.colcon_core.package_identification:_identify(src/launch_gazebo) by extensions ['ignore', 'ignore_ament_install']
[0.779s] Level 1:colcon.colcon_core.package_identification:_identify(src/launch_gazebo) by extension 'ignore'
[0.779s] Level 1:colcon.colcon_core.package_identification:_identify(src/launch_gazebo) by extension 'ignore_ament_install'
[0.779s] Level 1:colcon.colcon_core.package_identification:_identify(src/launch_gazebo) by extensions ['colcon_pkg']
[0.779s] Level 1:colcon.colcon_core.package_identification:_identify(src/launch_gazebo) by extension 'colcon_pkg'
[0.779s] Level 1:colcon.colcon_core.package_identification:_identify(src/launch_gazebo) by extensions ['colcon_meta']
[0.779s] Level 1:colcon.colcon_core.package_identification:_identify(src/launch_gazebo) by extension 'colcon_meta'
[0.779s] Level 1:colcon.colcon_core.package_identification:_identify(src/launch_gazebo) by extensions ['ros']
[0.779s] Level 1:colcon.colcon_core.package_identification:_identify(src/launch_gazebo) by extension 'ros'
[0.784s] DEBUG:colcon.colcon_core.package_identification:Package 'src/launch_gazebo' with type 'ros.ament_python' and name 'launch_gazebo'
[0.784s] Level 1:colcon.colcon_core.package_identification:_identify(src/thymio_description) by extensions ['ignore', 'ignore_ament_install']
[0.784s] Level 1:colcon.colcon_core.package_identification:_identify(src/thymio_description) by extension 'ignore'
[0.784s] Level 1:colcon.colcon_core.package_identification:_identify(src/thymio_description) by extension 'ignore_ament_install'
[0.784s] Level 1:colcon.colcon_core.package_identification:_identify(src/thymio_description) by extensions ['colcon_pkg']
[0.784s] Level 1:colcon.colcon_core.package_identification:_identify(src/thymio_description) by extension 'colcon_pkg'
[0.784s] Level 1:colcon.colcon_core.package_identification:_identify(src/thymio_description) by extensions ['colcon_meta']
[0.784s] Level 1:colcon.colcon_core.package_identification:_identify(src/thymio_description) by extension 'colcon_meta'
[0.784s] Level 1:colcon.colcon_core.package_identification:_identify(src/thymio_description) by extensions ['ros']
[0.785s] Level 1:colcon.colcon_core.package_identification:_identify(src/thymio_description) by extension 'ros'
[0.785s] DEBUG:colcon.colcon_core.package_identification:Package 'src/thymio_description' with type 'ros.ament_cmake' and name 'thymio_description'
[0.785s] Level 1:colcon.colcon_core.package_discovery:discover_packages(recursive) using defaults
[0.785s] Level 1:colcon.colcon_core.package_discovery:discover_packages(ignore) discover
[0.785s] Level 1:colcon.colcon_core.package_discovery:discover_packages(ignore) using defaults
[0.785s] Level 1:colcon.colcon_core.package_discovery:discover_packages(path) discover
[0.785s] Level 1:colcon.colcon_core.package_discovery:discover_packages(path) using defaults
[0.851s] Level 1:colcon.colcon_core.package_discovery:discover_packages(prefix_path) check parameters
[0.851s] Level 1:colcon.colcon_core.package_discovery:discover_packages(prefix_path) discover
[0.874s] DEBUG:colcon.colcon_installed_package_information.package_discovery:Found 2 installed packages in /home/henri/project/ROS2-predator-prey/ros2_ws/install
[0.887s] DEBUG:colcon.colcon_installed_package_information.package_discovery:Found 343 installed packages in /home/henri/ros2_humble/install
[0.894s] DEBUG:colcon.colcon_installed_package_information.package_discovery:Found 410 installed packages in /opt/ros/humble
[0.912s] Level 1:colcon.colcon_core.package_discovery:discover_packages(prefix_path) using defaults
[1.489s] Level 5:colcon.colcon_core.verb:set package 'launch_gazebo' build argument 'cmake_args' from command line to 'None'
[1.490s] Level 5:colcon.colcon_core.verb:set package 'launch_gazebo' build argument 'cmake_target' from command line to 'None'
[1.490s] Level 5:colcon.colcon_core.verb:set package 'launch_gazebo' build argument 'cmake_target_skip_unavailable' from command line to 'False'
[1.490s] Level 5:colcon.colcon_core.verb:set package 'launch_gazebo' build argument 'cmake_clean_cache' from command line to 'False'
[1.490s] Level 5:colcon.colcon_core.verb:set package 'launch_gazebo' build argument 'cmake_clean_first' from command line to 'False'
[1.490s] Level 5:colcon.colcon_core.verb:set package 'launch_gazebo' build argument 'cmake_force_configure' from command line to 'False'
[1.490s] Level 5:colcon.colcon_core.verb:set package 'launch_gazebo' build argument 'ament_cmake_args' from command line to 'None'
[1.490s] Level 5:colcon.colcon_core.verb:set package 'launch_gazebo' build argument 'catkin_cmake_args' from command line to 'None'
[1.490s] Level 5:colcon.colcon_core.verb:set package 'launch_gazebo' build argument 'catkin_skip_building_tests' from command line to 'False'
[1.490s] DEBUG:colcon.colcon_core.verb:Building package 'launch_gazebo' with the following arguments: {'ament_cmake_args': None, 'build_base': '/home/henri/project/ROS2-predator-prey/ros2_ws/build/launch_gazebo', 'catkin_cmake_args': None, 'catkin_skip_building_tests': False, 'cmake_args': None, 'cmake_clean_cache': False, 'cmake_clean_first': False, 'cmake_force_configure': False, 'cmake_target': None, 'cmake_target_skip_unavailable': False, 'install_base': '/home/henri/project/ROS2-predator-prey/ros2_ws/install/launch_gazebo', 'merge_install': False, 'path': '/home/henri/project/ROS2-predator-prey/ros2_ws/src/launch_gazebo', 'symlink_install': False, 'test_result_base': None}
[1.492s] Level 5:colcon.colcon_core.verb:set package 'thymio_description' build argument 'cmake_args' from command line to 'None'
[1.492s] Level 5:colcon.colcon_core.verb:set package 'thymio_description' build argument 'cmake_target' from command line to 'None'
[1.493s] Level 5:colcon.colcon_core.verb:set package 'thymio_description' build argument 'cmake_target_skip_unavailable' from command line to 'False'
[1.493s] Level 5:colcon.colcon_core.verb:set package 'thymio_description' build argument 'cmake_clean_cache' from command line to 'False'
[1.493s] Level 5:colcon.colcon_core.verb:set package 'thymio_description' build argument 'cmake_clean_first' from command line to 'False'
[1.493s] Level 5:colcon.colcon_core.verb:set package 'thymio_description' build argument 'cmake_force_configure' from command line to 'False'
[1.493s] Level 5:colcon.colcon_core.verb:set package 'thymio_description' build argument 'ament_cmake_args' from command line to 'None'
[1.493s] Level 5:colcon.colcon_core.verb:set package 'thymio_description' build argument 'catkin_cmake_args' from command line to 'None'
[1.493s] Level 5:colcon.colcon_core.verb:set package 'thymio_description' build argument 'catkin_skip_building_tests' from command line to 'False'
[1.493s] DEBUG:colcon.colcon_core.verb:Building package 'thymio_description' with the following arguments: {'ament_cmake_args': None, 'build_base': '/home/henri/project/ROS2-predator-prey/ros2_ws/build/thymio_description', 'catkin_cmake_args': None, 'catkin_skip_building_tests': False, 'cmake_args': None, 'cmake_clean_cache': False, 'cmake_clean_first': False, 'cmake_force_configure': False, 'cmake_target': None, 'cmake_target_skip_unavailable': False, 'install_base': '/home/henri/project/ROS2-predator-prey/ros2_ws/install/thymio_description', 'merge_install': False, 'path': '/home/henri/project/ROS2-predator-prey/ros2_ws/src/thymio_description', 'symlink_install': False, 'test_result_base': None}
[1.495s] INFO:colcon.colcon_core.executor:Executing jobs using 'parallel' executor
[1.503s] DEBUG:colcon.colcon_parallel_executor.executor.parallel:run_until_complete
[1.503s] INFO:colcon.colcon_ros.task.ament_python.build:Building ROS package in '/home/henri/project/ROS2-predator-prey/ros2_ws/src/launch_gazebo' with build type 'ament_python'
[1.503s] Level 1:colcon.colcon_core.shell:create_environment_hook('launch_gazebo', 'ament_prefix_path')
[1.518s] INFO:colcon.colcon_core.plugin_system:Skipping extension 'colcon_core.shell.bat': Not used on non-Windows systems
[1.518s] INFO:colcon.colcon_core.shell:Creating environment hook '/home/henri/project/ROS2-predator-prey/ros2_ws/install/launch_gazebo/share/launch_gazebo/hook/ament_prefix_path.ps1'
[1.519s] INFO:colcon.colcon_core.shell:Creating environment descriptor '/home/henri/project/ROS2-predator-prey/ros2_ws/install/launch_gazebo/share/launch_gazebo/hook/ament_prefix_path.dsv'
[1.519s] INFO:colcon.colcon_core.shell:Creating environment hook '/home/henri/project/ROS2-predator-prey/ros2_ws/install/launch_gazebo/share/launch_gazebo/hook/ament_prefix_path.sh'
[1.522s] INFO:colcon.colcon_core.shell:Skip shell extension 'powershell' for command environment: Not usable outside of PowerShell
[1.522s] DEBUG:colcon.colcon_core.shell:Skip shell extension 'dsv' for command environment
[1.561s] INFO:colcon.colcon_ros.task.ament_cmake.build:Building ROS package in '/home/henri/project/ROS2-predator-prey/ros2_ws/src/thymio_description' with build type 'ament_cmake'
[1.561s] INFO:colcon.colcon_cmake.task.cmake.build:Building CMake package in '/home/henri/project/ROS2-predator-prey/ros2_ws/src/thymio_description'
[1.563s] INFO:colcon.colcon_core.shell:Skip shell extension 'powershell' for command environment: Not usable outside of PowerShell
[1.563s] DEBUG:colcon.colcon_core.shell:Skip shell extension 'dsv' for command environment
[2.935s] INFO:colcon.colcon_core.task.python.build:Building Python package in '/home/henri/project/ROS2-predator-prey/ros2_ws/src/launch_gazebo'
[2.937s] INFO:colcon.colcon_core.shell:Skip shell extension 'powershell' for command environment: Not usable outside of PowerShell
[2.938s] DEBUG:colcon.colcon_core.shell:Skip shell extension 'dsv' for command environment
[2.994s] DEBUG:colcon.colcon_core.event_handler.log_command:Invoking command in '/home/henri/project/ROS2-predator-prey/ros2_ws/build/thymio_description': CMAKE_PREFIX_PATH=${CMAKE_PREFIX_PATH}:/home/henri/project/ROS2-predator-prey/ros2_ws/install/launch_gazebo:/opt/ros/humble:/home/henri/ros2_humble/install/rqt_bag_plugins:/home/henri/ros2_humble/install/rqt_bag:/home/henri/ros2_humble/install/ros2bag:/home/henri/ros2_humble/install/tracetools_test:/home/henri/ros2_humble/install/tracetools_launch:/home/henri/ros2_humble/install/topic_monitor:/home/henri/ros2_humble/install/tf2_tools:/home/henri/ros2_humble/install/examples_tf2_py:/home/henri/ros2_humble/install/tf2_ros_py:/home/henri/ros2_humble/install/sros2:/home/henri/ros2_humble/install/rqt_topic:/home/henri/ros2_humble/install/rqt_srv:/home/henri/ros2_humble/install/rqt_shell:/home/henri/ros2_humble/install/rqt_service_caller:/home/henri/ros2_humble/install/rqt_reconfigure:/home/henri/ros2_humble/install/rqt_py_console:/home/henri/ros2_humble/install/rqt_publisher:/home/henri/ros2_humble/install/rqt_plot:/home/henri/ros2_humble/install/rqt_action:/home/henri/ros2_humble/install/rqt_msg:/home/henri/ros2_humble/install/rqt_console:/home/henri/ros2_humble/install/rqt:/home/henri/ros2_humble/install/rqt_graph:/home/henri/ros2_humble/install/rqt_gui_py:/home/henri/ros2_humble/install/rqt_gui:/home/henri/ros2_humble/install/ros2trace:/home/henri/ros2_humble/install/ros2topic:/home/henri/ros2_humble/install/ros2test:/home/henri/ros2_humble/install/ros2component:/home/henri/ros2_humble/install/ros2param:/home/henri/ros2_humble/install/ros2lifecycle:/home/henri/ros2_humble/install/ros2service:/home/henri/ros2_humble/install/ros2run:/home/henri/ros2_humble/install/ros2launch:/home/henri/ros2_humble/install/ros2pkg:/home/henri/ros2_humble/install/ros2node:/home/henri/ros2_humble/install/ros2multicast:/home/henri/ros2_humble/install/ros2interface:/home/henri/ros2_humble/install/ros2doctor:/home/henri/ros2_humble/install/ros2action:/home/henri/ros2_humble/install/ros2cli:/home/henri/ros2_humble/install/quality_of_service_demo_py:/home/henri/ros2_humble/install/lifecycle_py:/home/henri/ros2_humble/install/launch_testing_ros:/home/henri/ros2_humble/install/launch_ros:/home/henri/ros2_humble/install/examples_rclpy_pointcloud_publisher:/home/henri/ros2_humble/install/examples_rclpy_minimal_subscriber:/home/henri/ros2_humble/install/examples_rclpy_minimal_service:/home/henri/ros2_humble/install/examples_rclpy_minimal_publisher:/home/henri/ros2_humble/install/examples_rclpy_minimal_client:/home/henri/ros2_humble/install/examples_rclpy_minimal_action_server:/home/henri/ros2_humble/install/examples_rclpy_minimal_action_client:/home/henri/ros2_humble/install/examples_rclpy_guard_conditions:/home/henri/ros2_humble/install/examples_rclpy_executors:/home/henri/ros2_humble/install/demo_nodes_py:/home/henri/ros2_humble/install/action_tutorials_py:/home/henri/ros2_humble/install/ament_uncrustify:/home/henri/ros2_humble/install/tracetools_trace:/home/henri/ros2_humble/install/tracetools_read:/home/henri/ros2_humble/install/test_tracetools_launch:/home/henri/ros2_humble/install/test_launch_ros:/home/henri/ros2_humble/install/sensor_msgs_py:/home/henri/ros2_humble/install/rpyutils:/home/henri/ros2_humble/install/rosidl_runtime_py:/home/henri/ros2_humble/install/rosidl_cli:/home/henri/ros2_humble/install/launch_pytest:/home/henri/ros2_humble/install/launch_testing:/home/henri/ros2_humble/install/launch_yaml:/home/henri/ros2_humble/install/launch_xml:/home/henri/ros2_humble/install/launch:/home/henri/ros2_humble/install/osrf_pycommon:/home/henri/ros2_humble/install/launch_testing_examples:/home/henri/ros2_humble/install/domain_coordinator:/home/henri/ros2_humble/install/ament_xmllint:/home/henri/ros2_humble/install/ament_pyflakes:/home/henri/ros2_humble/install/ament_pycodestyle:/home/henri/ros2_humble/install/ament_pep257:/home/henri/ros2_humble/install/ament_pclint:/home/henri/ros2_humble/install/ament_package:/home/henri/ros2_humble/install/ament_mypy:/home/henri/ros2_humble/install/ament_lint_cmake:/home/henri/ros2_humble/install/ament_flake8:/home/henri/ros2_humble/install/ament_copyright:/home/henri/ros2_humble/install/ament_lint:/home/henri/ros2_humble/install/ament_index_python:/home/henri/ros2_humble/install/ament_cpplint:/home/henri/ros2_humble/install/ament_cppcheck:/home/henri/ros2_humble/install/ament_clang_tidy:/home/henri/ros2_humble/install/ament_clang_format /home/henri/.local/bin/cmake --build /home/henri/project/ROS2-predator-prey/ros2_ws/build/thymio_description -- -j8 -l8
[3.443s] DEBUG:colcon.colcon_core.event_handler.log_command:Invoked command in '/home/henri/project/ROS2-predator-prey/ros2_ws/build/thymio_description' returned '0': CMAKE_PREFIX_PATH=${CMAKE_PREFIX_PATH}:/home/henri/project/ROS2-predator-prey/ros2_ws/install/launch_gazebo:/opt/ros/humble:/home/henri/ros2_humble/install/rqt_bag_plugins:/home/henri/ros2_humble/install/rqt_bag:/home/henri/ros2_humble/install/ros2bag:/home/henri/ros2_humble/install/tracetools_test:/home/henri/ros2_humble/install/tracetools_launch:/home/henri/ros2_humble/install/topic_monitor:/home/henri/ros2_humble/install/tf2_tools:/home/henri/ros2_humble/install/examples_tf2_py:/home/henri/ros2_humble/install/tf2_ros_py:/home/henri/ros2_humble/install/sros2:/home/henri/ros2_humble/install/rqt_topic:/home/henri/ros2_humble/install/rqt_srv:/home/henri/ros2_humble/install/rqt_shell:/home/henri/ros2_humble/install/rqt_service_caller:/home/henri/ros2_humble/install/rqt_reconfigure:/home/henri/ros2_humble/install/rqt_py_console:/home/henri/ros2_humble/install/rqt_publisher:/home/henri/ros2_humble/install/rqt_plot:/home/henri/ros2_humble/install/rqt_action:/home/henri/ros2_humble/install/rqt_msg:/home/henri/ros2_humble/install/rqt_console:/home/henri/ros2_humble/install/rqt:/home/henri/ros2_humble/install/rqt_graph:/home/henri/ros2_humble/install/rqt_gui_py:/home/henri/ros2_humble/install/rqt_gui:/home/henri/ros2_humble/install/ros2trace:/home/henri/ros2_humble/install/ros2topic:/home/henri/ros2_humble/install/ros2test:/home/henri/ros2_humble/install/ros2component:/home/henri/ros2_humble/install/ros2param:/home/henri/ros2_humble/install/ros2lifecycle:/home/henri/ros2_humble/install/ros2service:/home/henri/ros2_humble/install/ros2run:/home/henri/ros2_humble/install/ros2launch:/home/henri/ros2_humble/install/ros2pkg:/home/henri/ros2_humble/install/ros2node:/home/henri/ros2_humble/install/ros2multicast:/home/henri/ros2_humble/install/ros2interface:/home/henri/ros2_humble/install/ros2doctor:/home/henri/ros2_humble/install/ros2action:/home/henri/ros2_humble/install/ros2cli:/home/henri/ros2_humble/install/quality_of_service_demo_py:/home/henri/ros2_humble/install/lifecycle_py:/home/henri/ros2_humble/install/launch_testing_ros:/home/henri/ros2_humble/install/launch_ros:/home/henri/ros2_humble/install/examples_rclpy_pointcloud_publisher:/home/henri/ros2_humble/install/examples_rclpy_minimal_subscriber:/home/henri/ros2_humble/install/examples_rclpy_minimal_service:/home/henri/ros2_humble/install/examples_rclpy_minimal_publisher:/home/henri/ros2_humble/install/examples_rclpy_minimal_client:/home/henri/ros2_humble/install/examples_rclpy_minimal_action_server:/home/henri/ros2_humble/install/examples_rclpy_minimal_action_client:/home/henri/ros2_humble/install/examples_rclpy_guard_conditions:/home/henri/ros2_humble/install/examples_rclpy_executors:/home/henri/ros2_humble/install/demo_nodes_py:/home/henri/ros2_humble/install/action_tutorials_py:/home/henri/ros2_humble/install/ament_uncrustify:/home/henri/ros2_humble/install/tracetools_trace:/home/henri/ros2_humble/install/tracetools_read:/home/henri/ros2_humble/install/test_tracetools_launch:/home/henri/ros2_humble/install/test_launch_ros:/home/henri/ros2_humble/install/sensor_msgs_py:/home/henri/ros2_humble/install/rpyutils:/home/henri/ros2_humble/install/rosidl_runtime_py:/home/henri/ros2_humble/install/rosidl_cli:/home/henri/ros2_humble/install/launch_pytest:/home/henri/ros2_humble/install/launch_testing:/home/henri/ros2_humble/install/launch_yaml:/home/henri/ros2_humble/install/launch_xml:/home/henri/ros2_humble/install/launch:/home/henri/ros2_humble/install/osrf_pycommon:/home/henri/ros2_humble/install/launch_testing_examples:/home/henri/ros2_humble/install/domain_coordinator:/home/henri/ros2_humble/install/ament_xmllint:/home/henri/ros2_humble/install/ament_pyflakes:/home/henri/ros2_humble/install/ament_pycodestyle:/home/henri/ros2_humble/install/ament_pep257:/home/henri/ros2_humble/install/ament_pclint:/home/henri/ros2_humble/install/ament_package:/home/henri/ros2_humble/install/ament_mypy:/home/henri/ros2_humble/install/ament_lint_cmake:/home/henri/ros2_humble/install/ament_flake8:/home/henri/ros2_humble/install/ament_copyright:/home/henri/ros2_humble/install/ament_lint:/home/henri/ros2_humble/install/ament_index_python:/home/henri/ros2_humble/install/ament_cpplint:/home/henri/ros2_humble/install/ament_cppcheck:/home/henri/ros2_humble/install/ament_clang_tidy:/home/henri/ros2_humble/install/ament_clang_format /home/henri/.local/bin/cmake --build /home/henri/project/ROS2-predator-prey/ros2_ws/build/thymio_description -- -j8 -l8
[3.812s] DEBUG:colcon.colcon_core.event_handler.log_command:Invoking command in '/home/henri/project/ROS2-predator-prey/ros2_ws/build/thymio_description': CMAKE_PREFIX_PATH=${CMAKE_PREFIX_PATH}:/home/henri/project/ROS2-predator-prey/ros2_ws/install/launch_gazebo:/opt/ros/humble:/home/henri/ros2_humble/install/rqt_bag_plugins:/home/henri/ros2_humble/install/rqt_bag:/home/henri/ros2_humble/install/ros2bag:/home/henri/ros2_humble/install/tracetools_test:/home/henri/ros2_humble/install/tracetools_launch:/home/henri/ros2_humble/install/topic_monitor:/home/henri/ros2_humble/install/tf2_tools:/home/henri/ros2_humble/install/examples_tf2_py:/home/henri/ros2_humble/install/tf2_ros_py:/home/henri/ros2_humble/install/sros2:/home/henri/ros2_humble/install/rqt_topic:/home/henri/ros2_humble/install/rqt_srv:/home/henri/ros2_humble/install/rqt_shell:/home/henri/ros2_humble/install/rqt_service_caller:/home/henri/ros2_humble/install/rqt_reconfigure:/home/henri/ros2_humble/install/rqt_py_console:/home/henri/ros2_humble/install/rqt_publisher:/home/henri/ros2_humble/install/rqt_plot:/home/henri/ros2_humble/install/rqt_action:/home/henri/ros2_humble/install/rqt_msg:/home/henri/ros2_humble/install/rqt_console:/home/henri/ros2_humble/install/rqt:/home/henri/ros2_humble/install/rqt_graph:/home/henri/ros2_humble/install/rqt_gui_py:/home/henri/ros2_humble/install/rqt_gui:/home/henri/ros2_humble/install/ros2trace:/home/henri/ros2_humble/install/ros2topic:/home/henri/ros2_humble/install/ros2test:/home/henri/ros2_humble/install/ros2component:/home/henri/ros2_humble/install/ros2param:/home/henri/ros2_humble/install/ros2lifecycle:/home/henri/ros2_humble/install/ros2service:/home/henri/ros2_humble/install/ros2run:/home/henri/ros2_humble/install/ros2launch:/home/henri/ros2_humble/install/ros2pkg:/home/henri/ros2_humble/install/ros2node:/home/henri/ros2_humble/install/ros2multicast:/home/henri/ros2_humble/install/ros2interface:/home/henri/ros2_humble/install/ros2doctor:/home/henri/ros2_humble/install/ros2action:/home/henri/ros2_humble/install/ros2cli:/home/henri/ros2_humble/install/quality_of_service_demo_py:/home/henri/ros2_humble/install/lifecycle_py:/home/henri/ros2_humble/install/launch_testing_ros:/home/henri/ros2_humble/install/launch_ros:/home/henri/ros2_humble/install/examples_rclpy_pointcloud_publisher:/home/henri/ros2_humble/install/examples_rclpy_minimal_subscriber:/home/henri/ros2_humble/install/examples_rclpy_minimal_service:/home/henri/ros2_humble/install/examples_rclpy_minimal_publisher:/home/henri/ros2_humble/install/examples_rclpy_minimal_client:/home/henri/ros2_humble/install/examples_rclpy_minimal_action_server:/home/henri/ros2_humble/install/examples_rclpy_minimal_action_client:/home/henri/ros2_humble/install/examples_rclpy_guard_conditions:/home/henri/ros2_humble/install/examples_rclpy_executors:/home/henri/ros2_humble/install/demo_nodes_py:/home/henri/ros2_humble/install/action_tutorials_py:/home/henri/ros2_humble/install/ament_uncrustify:/home/henri/ros2_humble/install/tracetools_trace:/home/henri/ros2_humble/install/tracetools_read:/home/henri/ros2_humble/install/test_tracetools_launch:/home/henri/ros2_humble/install/test_launch_ros:/home/henri/ros2_humble/install/sensor_msgs_py:/home/henri/ros2_humble/install/rpyutils:/home/henri/ros2_humble/install/rosidl_runtime_py:/home/henri/ros2_humble/install/rosidl_cli:/home/henri/ros2_humble/install/launch_pytest:/home/henri/ros2_humble/install/launch_testing:/home/henri/ros2_humble/install/launch_yaml:/home/henri/ros2_humble/install/launch_xml:/home/henri/ros2_humble/install/launch:/home/henri/ros2_humble/install/osrf_pycommon:/home/henri/ros2_humble/install/launch_testing_examples:/home/henri/ros2_humble/install/domain_coordinator:/home/henri/ros2_humble/install/ament_xmllint:/home/henri/ros2_humble/install/ament_pyflakes:/home/henri/ros2_humble/install/ament_pycodestyle:/home/henri/ros2_humble/install/ament_pep257:/home/henri/ros2_humble/install/ament_pclint:/home/henri/ros2_humble/install/ament_package:/home/henri/ros2_humble/install/ament_mypy:/home/henri/ros2_humble/install/ament_lint_cmake:/home/henri/ros2_humble/install/ament_flake8:/home/henri/ros2_humble/install/ament_copyright:/home/henri/ros2_humble/install/ament_lint:/home/henri/ros2_humble/install/ament_index_python:/home/henri/ros2_humble/install/ament_cpplint:/home/henri/ros2_humble/install/ament_cppcheck:/home/henri/ros2_humble/install/ament_clang_tidy:/home/henri/ros2_humble/install/ament_clang_format /home/henri/.local/bin/cmake --install /home/henri/project/ROS2-predator-prey/ros2_ws/build/thymio_description
[3.986s] Level 1:colcon.colcon_core.environment:create_environment_scripts_only(thymio_description)
[3.988s] DEBUG:colcon.colcon_core.event_handler.log_command:Invoked command in '/home/henri/project/ROS2-predator-prey/ros2_ws/build/thymio_description' returned '0': CMAKE_PREFIX_PATH=${CMAKE_PREFIX_PATH}:/home/henri/project/ROS2-predator-prey/ros2_ws/install/launch_gazebo:/opt/ros/humble:/home/henri/ros2_humble/install/rqt_bag_plugins:/home/henri/ros2_humble/install/rqt_bag:/home/henri/ros2_humble/install/ros2bag:/home/henri/ros2_humble/install/tracetools_test:/home/henri/ros2_humble/install/tracetools_launch:/home/henri/ros2_humble/install/topic_monitor:/home/henri/ros2_humble/install/tf2_tools:/home/henri/ros2_humble/install/examples_tf2_py:/home/henri/ros2_humble/install/tf2_ros_py:/home/henri/ros2_humble/install/sros2:/home/henri/ros2_humble/install/rqt_topic:/home/henri/ros2_humble/install/rqt_srv:/home/henri/ros2_humble/install/rqt_shell:/home/henri/ros2_humble/install/rqt_service_caller:/home/henri/ros2_humble/install/rqt_reconfigure:/home/henri/ros2_humble/install/rqt_py_console:/home/henri/ros2_humble/install/rqt_publisher:/home/henri/ros2_humble/install/rqt_plot:/home/henri/ros2_humble/install/rqt_action:/home/henri/ros2_humble/install/rqt_msg:/home/henri/ros2_humble/install/rqt_console:/home/henri/ros2_humble/install/rqt:/home/henri/ros2_humble/install/rqt_graph:/home/henri/ros2_humble/install/rqt_gui_py:/home/henri/ros2_humble/install/rqt_gui:/home/henri/ros2_humble/install/ros2trace:/home/henri/ros2_humble/install/ros2topic:/home/henri/ros2_humble/install/ros2test:/home/henri/ros2_humble/install/ros2component:/home/henri/ros2_humble/install/ros2param:/home/henri/ros2_humble/install/ros2lifecycle:/home/henri/ros2_humble/install/ros2service:/home/henri/ros2_humble/install/ros2run:/home/henri/ros2_humble/install/ros2launch:/home/henri/ros2_humble/install/ros2pkg:/home/henri/ros2_humble/install/ros2node:/home/henri/ros2_humble/install/ros2multicast:/home/henri/ros2_humble/install/ros2interface:/home/henri/ros2_humble/install/ros2doctor:/home/henri/ros2_humble/install/ros2action:/home/henri/ros2_humble/install/ros2cli:/home/henri/ros2_humble/install/quality_of_service_demo_py:/home/henri/ros2_humble/install/lifecycle_py:/home/henri/ros2_humble/install/launch_testing_ros:/home/henri/ros2_humble/install/launch_ros:/home/henri/ros2_humble/install/examples_rclpy_pointcloud_publisher:/home/henri/ros2_humble/install/examples_rclpy_minimal_subscriber:/home/henri/ros2_humble/install/examples_rclpy_minimal_service:/home/henri/ros2_humble/install/examples_rclpy_minimal_publisher:/home/henri/ros2_humble/install/examples_rclpy_minimal_client:/home/henri/ros2_humble/install/examples_rclpy_minimal_action_server:/home/henri/ros2_humble/install/examples_rclpy_minimal_action_client:/home/henri/ros2_humble/install/examples_rclpy_guard_conditions:/home/henri/ros2_humble/install/examples_rclpy_executors:/home/henri/ros2_humble/install/demo_nodes_py:/home/henri/ros2_humble/install/action_tutorials_py:/home/henri/ros2_humble/install/ament_uncrustify:/home/henri/ros2_humble/install/tracetools_trace:/home/henri/ros2_humble/install/tracetools_read:/home/henri/ros2_humble/install/test_tracetools_launch:/home/henri/ros2_humble/install/test_launch_ros:/home/henri/ros2_humble/install/sensor_msgs_py:/home/henri/ros2_humble/install/rpyutils:/home/henri/ros2_humble/install/rosidl_runtime_py:/home/henri/ros2_humble/install/rosidl_cli:/home/henri/ros2_humble/install/launch_pytest:/home/henri/ros2_humble/install/launch_testing:/home/henri/ros2_humble/install/launch_yaml:/home/henri/ros2_humble/install/launch_xml:/home/henri/ros2_humble/install/launch:/home/henri/ros2_humble/install/osrf_pycommon:/home/henri/ros2_humble/install/launch_testing_examples:/home/henri/ros2_humble/install/domain_coordinator:/home/henri/ros2_humble/install/ament_xmllint:/home/henri/ros2_humble/install/ament_pyflakes:/home/henri/ros2_humble/install/ament_pycodestyle:/home/henri/ros2_humble/install/ament_pep257:/home/henri/ros2_humble/install/ament_pclint:/home/henri/ros2_humble/install/ament_package:/home/henri/ros2_humble/install/ament_mypy:/home/henri/ros2_humble/install/ament_lint_cmake:/home/henri/ros2_humble/install/ament_flake8:/home/henri/ros2_humble/install/ament_copyright:/home/henri/ros2_humble/install/ament_lint:/home/henri/ros2_humble/install/ament_index_python:/home/henri/ros2_humble/install/ament_cpplint:/home/henri/ros2_humble/install/ament_cppcheck:/home/henri/ros2_humble/install/ament_clang_tidy:/home/henri/ros2_humble/install/ament_clang_format /home/henri/.local/bin/cmake --install /home/henri/project/ROS2-predator-prey/ros2_ws/build/thymio_description
[4.003s] Level 1:colcon.colcon_core.environment:checking '/home/henri/project/ROS2-predator-prey/ros2_ws/install/thymio_description' for CMake module files
[4.004s] Level 1:colcon.colcon_core.environment:checking '/home/henri/project/ROS2-predator-prey/ros2_ws/install/thymio_description' for CMake config files
[4.004s] Level 1:colcon.colcon_core.shell:create_environment_hook('thymio_description', 'cmake_prefix_path')
[4.006s] INFO:colcon.colcon_core.shell:Creating environment hook '/home/henri/project/ROS2-predator-prey/ros2_ws/install/thymio_description/share/thymio_description/hook/cmake_prefix_path.ps1'
[4.007s] INFO:colcon.colcon_core.shell:Creating environment descriptor '/home/henri/project/ROS2-predator-prey/ros2_ws/install/thymio_description/share/thymio_description/hook/cmake_prefix_path.dsv'
[4.007s] INFO:colcon.colcon_core.shell:Creating environment hook '/home/henri/project/ROS2-predator-prey/ros2_ws/install/thymio_description/share/thymio_description/hook/cmake_prefix_path.sh'
[4.008s] Level 1:colcon.colcon_core.environment:checking '/home/henri/project/ROS2-predator-prey/ros2_ws/install/thymio_description/bin'
[4.008s] Level 1:colcon.colcon_core.environment:checking '/home/henri/project/ROS2-predator-prey/ros2_ws/install/thymio_description/lib/pkgconfig/thymio_description.pc'
[4.008s] Level 1:colcon.colcon_core.environment:checking '/home/henri/project/ROS2-predator-prey/ros2_ws/install/thymio_description/lib/python3.10/site-packages'
[4.008s] Level 1:colcon.colcon_core.environment:checking '/home/henri/project/ROS2-predator-prey/ros2_ws/install/thymio_description/bin'
[4.010s] INFO:colcon.colcon_core.shell:Creating package script '/home/henri/project/ROS2-predator-prey/ros2_ws/install/thymio_description/share/thymio_description/package.ps1'
[4.011s] INFO:colcon.colcon_core.shell:Creating package descriptor '/home/henri/project/ROS2-predator-prey/ros2_ws/install/thymio_description/share/thymio_description/package.dsv'
[4.012s] INFO:colcon.colcon_core.shell:Creating package script '/home/henri/project/ROS2-predator-prey/ros2_ws/install/thymio_description/share/thymio_description/package.sh'
[4.013s] INFO:colcon.colcon_core.shell:Creating package script '/home/henri/project/ROS2-predator-prey/ros2_ws/install/thymio_description/share/thymio_description/package.bash'
[4.013s] INFO:colcon.colcon_core.shell:Creating package script '/home/henri/project/ROS2-predator-prey/ros2_ws/install/thymio_description/share/thymio_description/package.zsh'
[4.014s] Level 1:colcon.colcon_core.environment:create_file_with_runtime_dependencies(/home/henri/project/ROS2-predator-prey/ros2_ws/install/thymio_description/share/colcon-core/packages/thymio_description)
[4.208s] Level 1:colcon.colcon_core.environment:create_environment_scripts_only(thymio_description)
[4.212s] Level 1:colcon.colcon_core.environment:checking '/home/henri/project/ROS2-predator-prey/ros2_ws/install/thymio_description' for CMake module files
[4.213s] Level 1:colcon.colcon_core.environment:checking '/home/henri/project/ROS2-predator-prey/ros2_ws/install/thymio_description' for CMake config files
[4.214s] Level 1:colcon.colcon_core.shell:create_environment_hook('thymio_description', 'cmake_prefix_path')
[4.216s] INFO:colcon.colcon_core.shell:Creating environment hook '/home/henri/project/ROS2-predator-prey/ros2_ws/install/thymio_description/share/thymio_description/hook/cmake_prefix_path.ps1'
[4.217s] INFO:colcon.colcon_core.shell:Creating environment descriptor '/home/henri/project/ROS2-predator-prey/ros2_ws/install/thymio_description/share/thymio_description/hook/cmake_prefix_path.dsv'
[4.217s] INFO:colcon.colcon_core.shell:Creating environment hook '/home/henri/project/ROS2-predator-prey/ros2_ws/install/thymio_description/share/thymio_description/hook/cmake_prefix_path.sh'
[4.217s] Level 1:colcon.colcon_core.environment:checking '/home/henri/project/ROS2-predator-prey/ros2_ws/install/thymio_description/bin'
[4.218s] Level 1:colcon.colcon_core.environment:checking '/home/henri/project/ROS2-predator-prey/ros2_ws/install/thymio_description/lib/pkgconfig/thymio_description.pc'
[4.218s] Level 1:colcon.colcon_core.environment:checking '/home/henri/project/ROS2-predator-prey/ros2_ws/install/thymio_description/lib/python3.10/site-packages'
[4.218s] Level 1:colcon.colcon_core.environment:checking '/home/henri/project/ROS2-predator-prey/ros2_ws/install/thymio_description/bin'
[4.220s] INFO:colcon.colcon_core.shell:Creating package script '/home/henri/project/ROS2-predator-prey/ros2_ws/install/thymio_description/share/thymio_description/package.ps1'
[4.221s] INFO:colcon.colcon_core.shell:Creating package descriptor '/home/henri/project/ROS2-predator-prey/ros2_ws/install/thymio_description/share/thymio_description/package.dsv'
[4.221s] INFO:colcon.colcon_core.shell:Creating package script '/home/henri/project/ROS2-predator-prey/ros2_ws/install/thymio_description/share/thymio_description/package.sh'
[4.222s] INFO:colcon.colcon_core.shell:Creating package script '/home/henri/project/ROS2-predator-prey/ros2_ws/install/thymio_description/share/thymio_description/package.bash'
[4.222s] INFO:colcon.colcon_core.shell:Creating package script '/home/henri/project/ROS2-predator-prey/ros2_ws/install/thymio_description/share/thymio_description/package.zsh'
[4.223s] Level 1:colcon.colcon_core.environment:create_file_with_runtime_dependencies(/home/henri/project/ROS2-predator-prey/ros2_ws/install/thymio_description/share/colcon-core/packages/thymio_description)
[4.334s] DEBUG:colcon.colcon_core.event_handler.log_command:Invoking command in '/home/henri/project/ROS2-predator-prey/ros2_ws/build/launch_gazebo': PYTHONPATH=/home/henri/project/ROS2-predator-prey/ros2_ws/build/launch_gazebo/prefix_override:/home/henri/project/ROS2-predator-prey/ros2_ws/install/launch_gazebo/lib/python3.10/site-packages:${PYTHONPATH} /usr/bin/python3 setup.py develop --uninstall --editable --build-directory /home/henri/project/ROS2-predator-prey/ros2_ws/build/launch_gazebo/build
[5.444s] DEBUG:colcon.colcon_core.event_handler.log_command:Invoked command in '/home/henri/project/ROS2-predator-prey/ros2_ws/build/launch_gazebo' returned '0': PYTHONPATH=/home/henri/project/ROS2-predator-prey/ros2_ws/build/launch_gazebo/prefix_override:/home/henri/project/ROS2-predator-prey/ros2_ws/install/launch_gazebo/lib/python3.10/site-packages:${PYTHONPATH} /usr/bin/python3 setup.py develop --uninstall --editable --build-directory /home/henri/project/ROS2-predator-prey/ros2_ws/build/launch_gazebo/build
[5.446s] DEBUG:colcon.colcon_core.event_handler.log_command:Invoking command in '/home/henri/project/ROS2-predator-prey/ros2_ws/src/launch_gazebo': PYTHONPATH=/home/henri/project/ROS2-predator-prey/ros2_ws/build/launch_gazebo/prefix_override:/home/henri/project/ROS2-predator-prey/ros2_ws/install/launch_gazebo/lib/python3.10/site-packages:${PYTHONPATH} /usr/bin/python3 setup.py egg_info --egg-base ../../build/launch_gazebo build --build-base /home/henri/project/ROS2-predator-prey/ros2_ws/build/launch_gazebo/build install --record /home/henri/project/ROS2-predator-prey/ros2_ws/build/launch_gazebo/install.log --single-version-externally-managed
[6.149s] Level 1:colcon.colcon_core.environment:checking '/home/henri/project/ROS2-predator-prey/ros2_ws/install/launch_gazebo' for CMake module files
[6.149s] DEBUG:colcon.colcon_core.event_handler.log_command:Invoked command in '/home/henri/project/ROS2-predator-prey/ros2_ws/src/launch_gazebo' returned '0': PYTHONPATH=/home/henri/project/ROS2-predator-prey/ros2_ws/build/launch_gazebo/prefix_override:/home/henri/project/ROS2-predator-prey/ros2_ws/install/launch_gazebo/lib/python3.10/site-packages:${PYTHONPATH} /usr/bin/python3 setup.py egg_info --egg-base ../../build/launch_gazebo build --build-base /home/henri/project/ROS2-predator-prey/ros2_ws/build/launch_gazebo/build install --record /home/henri/project/ROS2-predator-prey/ros2_ws/build/launch_gazebo/install.log --single-version-externally-managed
[6.150s] Level 1:colcon.colcon_core.environment:checking '/home/henri/project/ROS2-predator-prey/ros2_ws/install/launch_gazebo' for CMake config files
[6.150s] Level 1:colcon.colcon_core.environment:checking '/home/henri/project/ROS2-predator-prey/ros2_ws/install/launch_gazebo/lib'
[6.151s] Level 1:colcon.colcon_core.environment:checking '/home/henri/project/ROS2-predator-prey/ros2_ws/install/launch_gazebo/bin'
[6.151s] Level 1:colcon.colcon_core.environment:checking '/home/henri/project/ROS2-predator-prey/ros2_ws/install/launch_gazebo/lib/pkgconfig/launch_gazebo.pc'
[6.151s] Level 1:colcon.colcon_core.environment:checking '/home/henri/project/ROS2-predator-prey/ros2_ws/install/launch_gazebo/lib/python3.10/site-packages'
[6.151s] Level 1:colcon.colcon_core.shell:create_environment_hook('launch_gazebo', 'pythonpath')
[6.153s] INFO:colcon.colcon_core.shell:Creating environment hook '/home/henri/project/ROS2-predator-prey/ros2_ws/install/launch_gazebo/share/launch_gazebo/hook/pythonpath.ps1'
[6.153s] INFO:colcon.colcon_core.shell:Creating environment descriptor '/home/henri/project/ROS2-predator-prey/ros2_ws/install/launch_gazebo/share/launch_gazebo/hook/pythonpath.dsv'
[6.153s] INFO:colcon.colcon_core.shell:Creating environment hook '/home/henri/project/ROS2-predator-prey/ros2_ws/install/launch_gazebo/share/launch_gazebo/hook/pythonpath.sh'
[6.154s] Level 1:colcon.colcon_core.environment:checking '/home/henri/project/ROS2-predator-prey/ros2_ws/install/launch_gazebo/bin'
[6.154s] Level 1:colcon.colcon_core.environment:create_environment_scripts_only(launch_gazebo)
[6.156s] INFO:colcon.colcon_core.shell:Creating package script '/home/henri/project/ROS2-predator-prey/ros2_ws/install/launch_gazebo/share/launch_gazebo/package.ps1'
[6.157s] INFO:colcon.colcon_core.shell:Creating package descriptor '/home/henri/project/ROS2-predator-prey/ros2_ws/install/launch_gazebo/share/launch_gazebo/package.dsv'
[6.157s] INFO:colcon.colcon_core.shell:Creating package script '/home/henri/project/ROS2-predator-prey/ros2_ws/install/launch_gazebo/share/launch_gazebo/package.sh'
[6.157s] INFO:colcon.colcon_core.shell:Creating package script '/home/henri/project/ROS2-predator-prey/ros2_ws/install/launch_gazebo/share/launch_gazebo/package.bash'
[6.158s] INFO:colcon.colcon_core.shell:Creating package script '/home/henri/project/ROS2-predator-prey/ros2_ws/install/launch_gazebo/share/launch_gazebo/package.zsh'
[6.158s] Level 1:colcon.colcon_core.environment:create_file_with_runtime_dependencies(/home/henri/project/ROS2-predator-prey/ros2_ws/install/launch_gazebo/share/colcon-core/packages/launch_gazebo)
[6.158s] DEBUG:colcon.colcon_parallel_executor.executor.parallel:closing loop
[6.158s] DEBUG:colcon.colcon_parallel_executor.executor.parallel:loop closed
[6.158s] DEBUG:colcon.colcon_parallel_executor.executor.parallel:run_until_complete finished with '0'
[6.158s] DEBUG:colcon.colcon_core.event_reactor:joining thread
[6.190s] INFO:colcon.colcon_core.plugin_system:Skipping extension 'colcon_notification.desktop_notification.terminal_notifier': Not used on non-Darwin systems
[6.190s] INFO:colcon.colcon_core.plugin_system:Skipping extension 'colcon_notification.desktop_notification.win32': Not used on non-Windows systems
[6.190s] INFO:colcon.colcon_notification.desktop_notification:Sending desktop notification using 'notify2'
[6.201s] DEBUG:colcon.colcon_core.event_reactor:joined thread
[6.205s] INFO:colcon.colcon_core.shell:Creating prefix script '/home/henri/project/ROS2-predator-prey/ros2_ws/install/local_setup.ps1'
[6.206s] INFO:colcon.colcon_core.shell:Creating prefix util module '/home/henri/project/ROS2-predator-prey/ros2_ws/install/_local_setup_util_ps1.py'
[6.210s] INFO:colcon.colcon_core.shell:Creating prefix chain script '/home/henri/project/ROS2-predator-prey/ros2_ws/install/setup.ps1'
[6.228s] INFO:colcon.colcon_core.shell:Creating prefix script '/home/henri/project/ROS2-predator-prey/ros2_ws/install/local_setup.sh'
[6.228s] INFO:colcon.colcon_core.shell:Creating prefix util module '/home/henri/project/ROS2-predator-prey/ros2_ws/install/_local_setup_util_sh.py'
[6.229s] INFO:colcon.colcon_core.shell:Creating prefix chain script '/home/henri/project/ROS2-predator-prey/ros2_ws/install/setup.sh'
[6.244s] INFO:colcon.colcon_core.shell:Creating prefix script '/home/henri/project/ROS2-predator-prey/ros2_ws/install/local_setup.bash'
[6.246s] INFO:colcon.colcon_core.shell:Creating prefix chain script '/home/henri/project/ROS2-predator-prey/ros2_ws/install/setup.bash'
[6.264s] INFO:colcon.colcon_core.shell:Creating prefix script '/home/henri/project/ROS2-predator-prey/ros2_ws/install/local_setup.zsh'
[6.265s] INFO:colcon.colcon_core.shell:Creating prefix chain script '/home/henri/project/ROS2-predator-prey/ros2_ws/install/setup.zsh'
